<?xml version="1.0" encoding="UTF-8"?>
<!-- Generated by org.testng.reporters.JUnitXMLReporter -->
<testsuite ignored="2" hostname="DESKTOP-65U1BV4" failures="2" tests="2" name="Test" time="18002.496" errors="0" timestamp="2024-11-11T16:27:24 IST">
  <testcase classname="commonMethods.Testcases" name="ComprehensiveTesting" time="8043.079">
    <failure type="atu.testng.reports.exceptions.ATUReporterStepFailedException">
      <![CDATA[[ATU Custom Reporter Step Failed Exception]
at atu.testng.reports.listeners.ATUReportsListener.onTestSuccess(ATUReportsListener.java:79)
at java.base/java.util.ArrayList.forEach(ArrayList.java:1596)
... Removed 24 stack frames]]>
    </failure>
  </testcase> <!-- ComprehensiveTesting -->
  <testcase classname="commonMethods.Testcases" name="ComprehensiveTesting" time="9954.968">
    <failure type="atu.testng.reports.exceptions.ATUReporterStepFailedException">
      <![CDATA[[ATU Custom Reporter Step Failed Exception]
at atu.testng.reports.listeners.ATUReportsListener.onTestSuccess(ATUReportsListener.java:79)
at java.base/java.util.ArrayList.forEach(ArrayList.java:1596)
... Removed 24 stack frames]]>
    </failure>
  </testcase> <!-- ComprehensiveTesting -->
  <testcase classname="commonMethods.Testcases" name="SmokeTesting" time="0.0">
    <ignored/>
  </testcase> <!-- SmokeTesting -->
  <testcase classname="commonMethods.Testcases" name="TestCase_DP01" time="0.0">
    <ignored/>
  </testcase> <!-- TestCase_DP01 -->
</testsuite> <!-- Test -->
