<?xml version="1.0" encoding="UTF-8"?>
<!-- Generated by org.testng.reporters.JUnitXMLReporter -->
<testsuite ignored="12" hostname="DESKTOP-65U1BV4" failures="0" tests="1" name="Test2" time="11.413" errors="0" timestamp="2024-08-14T18:51:42 IST">
  <testcase classname="commonMethods.Testcases" name="ChartTitle" time="9.963"/>
  <testcase classname="commonMethods.Testcases" name="Comprehensive_Iteration_1" time="0.0">
    <ignored/>
  </testcase> <!-- Comprehensive_Iteration_1 -->
  <testcase classname="commonMethods.Testcases" name="SmokeTesting" time="0.0">
    <ignored/>
  </testcase> <!-- SmokeTesting -->
  <testcase classname="commonMethods.Testcases" name="DataLabels" time="0.0">
    <ignored/>
  </testcase> <!-- DataLabels -->
  <testcase classname="commonMethods.Testcases" name="TestCase_DP01_Iteration_1" time="0.0">
    <ignored/>
  </testcase> <!-- TestCase_DP01_Iteration_1 -->
  <testcase classname="commonMethods.Testcases" name="ChartFormatOthers" time="0.0">
    <ignored/>
  </testcase> <!-- ChartFormatOthers -->
  <testcase classname="commonMethods.Testcases" name="SmokeTesting_Iteration_2" time="0.0">
    <ignored/>
  </testcase> <!-- SmokeTesting_Iteration_2 -->
  <testcase classname="commonMethods.Testcases" name="Comprehensive_Iteration_2" time="0.0">
    <ignored/>
  </testcase> <!-- Comprehensive_Iteration_2 -->
  <testcase classname="commonMethods.Testcases" name="LoginPageTest" time="0.0">
    <ignored/>
  </testcase> <!-- LoginPageTest -->
  <testcase classname="commonMethods.Testcases" name="ChartStyle" time="0.0">
    <ignored/>
  </testcase> <!-- ChartStyle -->
  <testcase classname="commonMethods.Testcases" name="AxisTitle" time="0.0">
    <ignored/>
  </testcase> <!-- AxisTitle -->
  <testcase classname="commonMethods.Testcases" name="TestCase_DP01_Iteration_2" time="0.0">
    <ignored/>
  </testcase> <!-- TestCase_DP01_Iteration_2 -->
  <testcase classname="commonMethods.Testcases" name="BarWidget" time="0.0">
    <ignored/>
  </testcase> <!-- BarWidget -->
</testsuite> <!-- Test2 -->
