<?xml version="1.0" encoding="UTF-8"?>
<!-- Generated by org.testng.reporters.JUnitXMLReporter -->
<testsuite hostname="DESKTOP-65U1BV4" failures="1" tests="1" name="Test" time="897.165" errors="0" timestamp="3 Oct 2024 16:06:37 GMT">
  <testcase classname="commonMethods.Testcases" name="ComprehensiveTesting" time="894.093">
    <failure type="atu.testng.reports.exceptions.ATUReporterStepFailedException">
      <![CDATA[[ATU Custom Reporter Step Failed Exception]
	at atu.testng.reports.listeners.ATUReportsListener.onTestSuccess(ATUReportsListener.java:76)
... Removed 25 stack frames]]>
    </failure>
  </testcase> <!-- ComprehensiveTesting -->
</testsuite> <!-- Test -->
