<?xml version="1.0" encoding="UTF-8"?>
<testsuite xmlns:xsi="http://www.w3.org/2001/XMLSchema-instance" xsi:noNamespaceSchemaLocation="https://maven.apache.org/surefire/maven-surefire-plugin/xsd/surefire-test-report-3.0.xsd" version="3.0" name="TestSuite" time="898.46" tests="1" errors="0" skipped="0" failures="1">
  <properties>
[...]
</properties>
  <testcase name="ComprehensiveTesting[https://analysis.sedge.ai, 2, Flag3, Iteration_TestData](1)" classname="commonMethods.Testcases" time="894.093">
    <failure type="[ATU"><![CDATA[[ATU Custom Reporter Step Failed Exception]
	at atu.testng.reports.listeners.ATUReportsListener.onTestSuccess(ATUReportsListener.java:76)
	at org.testng.internal.Invoker.runTestListeners(Invoker.java:1695)
	at org.testng.internal.Invoker.runTestListeners(Invoker.java:1675)
	at org.testng.internal.Invoker.invokeMethod(Invoker.java:700)
	at org.testng.internal.Invoker.invokeTestMethod(Invoker.java:820)
	at org.testng.internal.Invoker.invokeTestMethods(Invoker.java:1128)
	at org.testng.internal.TestMethodWorker.invokeTestMethods(TestMethodWorker.java:129)
	at org.testng.internal.TestMethodWorker.run(TestMethodWorker.java:112)
	at org.testng.TestRunner.privateRun(TestRunner.java:782)
	at org.testng.TestRunner.run(TestRunner.java:632)
	at org.testng.SuiteRunner.runTest(SuiteRunner.java:366)
	at org.testng.SuiteRunner.runSequentially(SuiteRunner.java:361)
	at org.testng.SuiteRunner.privateRun(SuiteRunner.java:319)
	at org.testng.SuiteRunner.run(SuiteRunner.java:268)
	at org.testng.SuiteRunnerWorker.runSuite(SuiteRunnerWorker.java:52)
	at org.testng.SuiteRunnerWorker.run(SuiteRunnerWorker.java:86)
	at org.testng.TestNG.runSuitesSequentially(TestNG.java:1244)
	at org.testng.TestNG.runSuitesLocally(TestNG.java:1169)
	at org.testng.TestNG.run(TestNG.java:1064)
	at org.apache.maven.surefire.testng.TestNGExecutor.run(TestNGExecutor.java:308)
	at org.apache.maven.surefire.testng.TestNGXmlTestSuite.execute(TestNGXmlTestSuite.java:71)
	at org.apache.maven.surefire.testng.TestNGProvider.invoke(TestNGProvider.java:113)
	at org.apache.maven.surefire.booter.ForkedBooter.runSuitesInProcess(ForkedBooter.java:385)
	at org.apache.maven.surefire.booter.ForkedBooter.execute(ForkedBooter.java:162)
	at org.apache.maven.surefire.booter.ForkedBooter.run(ForkedBooter.java:507)
	at org.apache.maven.surefire.booter.ForkedBooter.main(ForkedBooter.java:495)
]]></failure>
    <system-out><![CDATA[[TestNGContentHandler] [WARN] It is strongly recommended to add "<!DOCTYPE suite SYSTEM "http://testng.org/testng-1.0.dtd" >" at the top of your file, otherwise TestNG may fail or not work as expected.
Test Case Data: [https://analysis.sedge.ai]
Test Case Data: [2]
Test Case Data: [Flag3]
Test Case Data: [Iteration_TestData]
******************Script Execution Started******************
21:21:41.968 [main] INFO  i.g.bonigarcia.wdm.WebDriverManager - Using chromedriver 129.0.6668.89 (resolved driver for Chrome 129)
21:21:41.993 [main] INFO  i.g.bonigarcia.wdm.WebDriverManager - Exporting webdriver.chrome.driver as C:\Users\TRACK\.cache\selenium\chromedriver\win64\129.0.6668.89\chromedriver.exe
Chrome Browser launched...
 port 
 class 
Location: (516, 173)
Size: (212x256)
Screenshot saved successfully.
Location: (516, 173)
Size: (212x256)
Screenshot saved successfully.
Difference: 4.36950740384331
ScrollbarValidation - dropdown_DataBaseType - Expected and Actual images are not the same 
 port 3306
 class com.mysql.cj.jdbc.Driver
Location: (516, 503)
Size: (212x256)
Screenshot saved successfully.
Location: (516, 503)
Size: (212x256)
Screenshot saved successfully.
Difference: 5.918274491604277
ScrollbarValidation - dropdown_DataBase - Expected and Actual images are not the same 
Location: (905, 503)
Size: (212x256)
Screenshot saved successfully.
Location: (905, 503)
Size: (212x256)
Screenshot saved successfully.
Difference: 6.034862179392389
ScrollbarValidation - dropdown_Schema - Expected and Actual images are not the same 
tableList :clarkson_maersk_20211006
searchResultText :clarkson_maersk_20211006
projectNmae :project2
fileNmae :clarkson_maersk_20211006
ActQuery :Select * from clarkson_maersk_20211006
Location: (75, 124)
Size: (411x256)
Screenshot saved successfully.
Location: (75, 124)
Size: (411x256)
Screenshot saved successfully.
Difference: 6.473633890029788
ScrollbarValidation - dropdown_Target_Drop - Expected and Actual images are not the same 
targetPanelText: Gear[2]
firstTabOpenColor :#EEEEEE
Element is located at X: 792, Y: 375
792 372
Element is located at X: 1545, Y: 51
1545 51
Location: (1601, 215)
Size: (30x20)
Screenshot saved successfully.
Difference: 0.0
SmokeTesting - Bar_Line_Scattter_Widget - Image compared successfully
Location: (1282, 423)
Size: (361x200)
Screenshot saved successfully.
Location: (1282, 423)
Size: (361x200)
Screenshot saved successfully.
Difference: 7.383399714052287
ScrollbarValidation - dropdown_X-Axis - Expected and Actual images are not the same 
Highlight_color_Exp : #5897fbselectedColorAct : #5897FB
Location: (1280, 450)
Size: (253x200)
Screenshot saved successfully.
Location: (1280, 450)
Size: (253x200)
Screenshot saved successfully.
Difference: 9.374259852455834
ScrollbarValidation - dropdown_Y-Axis - Expected and Actual images are not the same 
Highlight_color_Exp : #5897fbselectedColorAct : #5897FB
Location: (1281, 542)
Size: (353x200)
Screenshot saved successfully.
Location: (1281, 542)
Size: (353x200)
Screenshot saved successfully.
Difference: 11.705317410652205
ScrollbarValidation - dropdown_Series - Expected and Actual images are not the same 
Location: (110, 145)
Size: (996x592)
Screenshot saved successfully.
Location: (111, 145)
Size: (966x562)
Screenshot saved successfully.
Both images should have the same dimensions
Location: (1406, 349)
Size: (185x200)
Screenshot saved successfully.
Location: (1406, 349)
Size: (185x200)
Screenshot saved successfully.
Difference: 15.581986398162867
ScrollbarValidation - dropdown_Field_Sort_BarWithLine - Expected and Actual images are not the same 
X_Selected : DATE_UPDATED
Y_Selected : YEAR
FontFamily_Value : Verdana
Location: (1314, 494)
Size: (100x200)
Screenshot saved successfully.
Location: (1314, 494)
Size: (100x200)
Screenshot saved successfully.
Difference: 21.242269199346406
ScrollbarValidation - dropdown_Font Family - Expected and Actual images are not the same 
Font family: Narkisim
Font family: Narkisim
Font family: Narkisim
X Font_Size : 8
Y Font_Size : 8
X rotation : -45
Rotation angle: 25
Rotation angle: 0
Y rotation : 0
Rotation angle: -20
Rotation angle: 25
]]></system-out>
    <system-err><![CDATA[Starting ChromeDriver 129.0.6668.89 (951c0b97221f8d4ba37cf97d324505c832251cf9-refs/branch-heads/6668@{#1503}) on port 37492
Only local connections are allowed.
Please see https://chromedriver.chromium.org/security-considerations for suggestions on keeping ChromeDriver safe.
ChromeDriver was started successfully on port 37492.
Oct 03, 2024 9:21:43 PM org.openqa.selenium.remote.ProtocolHandshake createSession
INFO: Detected dialect: W3C
]]></system-err>
  </testcase>
</testsuite>