<?xml version="1.0" encoding="UTF-8"?>
<!-- Generated by org.testng.reporters.JUnitReportReporter -->
<testsuite hostname="DESKTOP-65U1BV4" failures="0" tests="2" name="commonMethods.Testcases" time="18001.512" errors="2" timestamp="2024-11-11T16:31:52 IST" skipped="0">
  <testcase classname="commonMethods.Testcases" name="ComprehensiveTesting" time="8045.198">
    <error type="atu.testng.reports.exceptions.ATUReporterStepFailedException">
      <![CDATA[[ATU Custom Reporter Step Failed Exception]
at atu.testng.reports.listeners.ATUReportsListener.onTestSuccess(ATUReportsListener.java:79)
at org.testng.internal.TestListenerHelper.runTestListeners(TestListenerHelper.java:100)
at org.testng.internal.TestInvoker.runTestResultListener(TestInvoker.java:219)
at org.testng.internal.TestInvoker.invokeMethod(TestInvoker.java:656)
at org.testng.internal.TestInvoker.invokeTestMethod(TestInvoker.java:173)
at org.testng.internal.MethodRunner.runInSequence(MethodRunner.java:46)
at org.testng.internal.TestInvoker$MethodInvocationAgent.invoke(TestInvoker.java:824)
at org.testng.internal.TestInvoker.invokeTestMethods(TestInvoker.java:146)
at org.testng.internal.TestMethodWorker.invokeTestMethods(TestMethodWorker.java:146)
at org.testng.internal.TestMethodWorker.run(TestMethodWorker.java:128)
at java.base/java.util.ArrayList.forEach(ArrayList.java:1596)
at org.testng.TestRunner.privateRun(TestRunner.java:794)
at org.testng.TestRunner.run(TestRunner.java:596)
at org.testng.SuiteRunner.runTest(SuiteRunner.java:377)
at org.testng.SuiteRunner.runSequentially(SuiteRunner.java:371)
at org.testng.SuiteRunner.privateRun(SuiteRunner.java:332)
at org.testng.SuiteRunner.run(SuiteRunner.java:276)
at org.testng.SuiteRunnerWorker.runSuite(SuiteRunnerWorker.java:53)
at org.testng.SuiteRunnerWorker.run(SuiteRunnerWorker.java:96)
at org.testng.TestNG.runSuitesSequentially(TestNG.java:1212)
at org.testng.TestNG.runSuitesLocally(TestNG.java:1134)
at org.testng.TestNG.runSuites(TestNG.java:1063)
at org.testng.TestNG.run(TestNG.java:1031)
at org.testng.remote.AbstractRemoteTestNG.run(AbstractRemoteTestNG.java:115)
at org.testng.remote.RemoteTestNG.initAndRun(RemoteTestNG.java:293)
at org.testng.remote.RemoteTestNG.main(RemoteTestNG.java:91)
]]>
    </error>
  </testcase> <!-- ComprehensiveTesting -->
  <system-out>
    <![CDATA[STEP1
STEP2
STEP3
STEP4
STEP5
STEP6
STEP7
STEP8
STEP9
STEP10
STEP11
STEP12
STEP13
STEP14
STEP15
STEP16
STEP17
STEP18
STEP19
STEP20
STEP21
STEP22
STEP23
STEP24
STEP25
STEP26
STEP27
STEP28
STEP29
STEP30
STEP31
STEP32
STEP33
STEP34
STEP35
STEP36
STEP37
STEP38
STEP39
STEP40
STEP41
STEP42
STEP43
STEP44
STEP45
STEP46
STEP47
STEP48
STEP49
STEP50
STEP51
STEP52
STEP53
STEP54
STEP55
STEP56
STEP57
STEP58
STEP59
STEP60
STEP61
STEP62
STEP63
STEP64
STEP65
STEP66
STEP67
STEP68
STEP69
STEP70
STEP71
STEP72
STEP73
STEP74
STEP75
STEP76
STEP77
STEP78
STEP79
STEP80
STEP81
STEP82
STEP83
STEP84
STEP85
STEP86
STEP87
STEP88
STEP89
STEP90
STEP91
STEP92
STEP93
STEP94
STEP95
STEP96
STEP97
STEP98
STEP99
STEP100
STEP101
STEP102
STEP103
STEP104
STEP105
STEP106
STEP107
STEP108
STEP109
STEP110
STEP111
STEP112
STEP113
STEP114
STEP115
STEP116
STEP117
STEP118
STEP119
STEP120
STEP121
STEP122
STEP123
STEP124
STEP125
STEP126
STEP127
STEP128
STEP129
STEP130
STEP131
STEP132
STEP133
STEP134
STEP135
STEP136
STEP137
STEP138
STEP139
STEP140
STEP141
STEP142
STEP143
STEP144
STEP145
STEP146
STEP147
STEP148
STEP149
STEP150
STEP151
STEP152
STEP153
STEP154
STEP155
STEP156
STEP157
STEP158
STEP159
STEP160
STEP161
STEP162
STEP163
STEP164
STEP165
STEP166
STEP167
STEP168
STEP169
STEP170
STEP171
STEP172
STEP173
STEP174
STEP175
STEP176
STEP177
STEP178
STEP179
STEP180
STEP181
STEP182
STEP183
STEP184
STEP185
STEP186
STEP187
STEP188
STEP189
STEP190
STEP191
STEP192
STEP193
STEP194
STEP195
STEP196
STEP197
STEP198
STEP199
STEP200
STEP201
STEP202
STEP203
STEP204
STEP205
STEP206
STEP207
STEP208
STEP209
STEP210
STEP211
STEP212
STEP213
STEP214
STEP215
STEP216
STEP217
STEP218
STEP219
STEP220
STEP221
STEP222
STEP223
STEP224
STEP225
STEP226
STEP227
STEP228
STEP229
STEP230
STEP231
STEP232
STEP233
STEP234
STEP235
STEP236
STEP237
STEP238
STEP239
STEP240
STEP241
STEP242
STEP243
STEP244
STEP245
STEP246
STEP247
STEP248
STEP249
STEP250
STEP251
STEP252
STEP253
STEP254
STEP255
STEP256
STEP257
STEP258
STEP259
STEP260
STEP261
STEP262
STEP263
STEP264
STEP265
STEP266
STEP267
STEP268
STEP269
STEP270
STEP271
STEP272
STEP273
STEP274
STEP275
STEP276
STEP277
STEP278
STEP279
STEP280
STEP281
STEP282
STEP283
STEP284
STEP285
STEP286
STEP287
STEP288
STEP289
STEP290
STEP291
STEP292
STEP293
STEP294
STEP295
STEP296
STEP297
STEP298
STEP299
STEP300
STEP301
STEP302
STEP303
STEP304
STEP305
STEP306
STEP307
STEP308
STEP309
STEP310
STEP311
STEP312
STEP313
STEP314
STEP315
STEP316
STEP317
STEP318
STEP319
STEP320
STEP321
STEP322
STEP323
STEP324
STEP325
STEP326
STEP327
STEP328
STEP329
STEP330
STEP331
STEP332
STEP333
STEP334
STEP335
STEP336
STEP337
STEP338
STEP339
STEP340
STEP341
STEP342
STEP343
STEP344
STEP345
STEP346
STEP347
STEP348
STEP349
STEP350
STEP351
STEP352
STEP353
STEP354
STEP355
STEP356
STEP357
STEP358
STEP359
STEP360
STEP361
STEP362
STEP363
STEP364
STEP365
STEP366
STEP367
STEP368
STEP369
STEP370
STEP371
STEP372
STEP373
STEP374
STEP375
STEP376
STEP377
STEP378
STEP379
STEP380
STEP381
STEP382
STEP383
STEP384
STEP385
STEP386
STEP387
STEP388
STEP389
STEP390
STEP391
STEP392
STEP393
STEP394
STEP395
STEP396
STEP397
STEP398
STEP399
STEP400
STEP401
STEP402
STEP403
STEP404
STEP405
STEP406
STEP407
STEP408
STEP409
STEP410
STEP411
STEP412
STEP413
STEP414
STEP415
STEP416
STEP417
STEP418
STEP419
STEP420
STEP421
STEP422
STEP423
STEP424
STEP425
STEP426
STEP427
STEP428
STEP429
STEP430
STEP431
STEP432
STEP433
STEP434
STEP435
STEP436
STEP437
STEP438
STEP439
STEP440
STEP441
STEP442
STEP443
STEP444
STEP445
STEP446
STEP447
STEP448
STEP449
STEP450
STEP451
STEP452
STEP453
STEP454
STEP455
STEP456
STEP457
STEP458
STEP459
STEP460
STEP461
STEP462
STEP463
STEP464
STEP465
STEP466
STEP467
STEP468
STEP469
STEP470
STEP471
STEP472
STEP473
STEP474
STEP475
STEP476
STEP477
STEP478
STEP479
STEP480
STEP481
STEP482
STEP483
STEP484
STEP485
STEP486
STEP487
STEP488
STEP489
STEP490
STEP491
STEP492
STEP493
STEP494
STEP495
STEP496
STEP497
STEP498
STEP499
STEP500
STEP501
STEP502
STEP503
STEP504
STEP505
STEP506
STEP507
STEP508
STEP509
STEP510
STEP511
STEP512
STEP513
STEP514
STEP515
STEP516
STEP517
STEP518
STEP519
STEP520
STEP521
STEP522
STEP523
STEP524
STEP525
STEP526
STEP527
STEP528
STEP529
STEP530
STEP531
STEP532
STEP533
STEP534
STEP535
STEP536
STEP537
STEP538
STEP539
STEP540
STEP541
STEP542
STEP543
STEP544
STEP545
STEP546
STEP547
STEP548
STEP549
STEP550
STEP551
STEP552
STEP553
STEP554
STEP555
STEP556
STEP557
STEP558
STEP559
STEP560
STEP561
STEP562
STEP563
STEP564
STEP565
STEP566
STEP567
STEP568
STEP569
STEP570
STEP571
STEP572
STEP573
STEP574
STEP575
STEP576
STEP577
STEP578
STEP579
STEP580
STEP581
STEP582
STEP583
STEP584
STEP585
STEP586
STEP587
STEP588
STEP589
STEP590
STEP591
STEP592
STEP593
STEP594
STEP595
STEP596
STEP597
STEP598
STEP599
STEP600
STEP601
STEP602
STEP603
STEP604
STEP605
STEP606
STEP607
STEP608
STEP609
STEP610
STEP611
STEP612
STEP613
STEP614
STEP615
STEP616
STEP617
STEP618
STEP619
STEP620
STEP621
STEP622
STEP623
STEP624
STEP625
STEP626
STEP627
STEP628
STEP629
STEP630
STEP631
STEP632
STEP633
STEP634
STEP635
STEP636
STEP637
STEP638
STEP639
STEP640
STEP641
STEP642
STEP643
STEP644
STEP645
STEP646
STEP647
STEP648
STEP649
STEP650
STEP651
STEP652
STEP653
STEP654
STEP655
STEP656
STEP657
STEP658
STEP659
STEP660
STEP661
STEP662
STEP663
STEP664
STEP665
STEP666
STEP667
STEP668
STEP669
STEP670
STEP671
STEP672
STEP673
STEP674
STEP675
STEP676
STEP677
STEP678
STEP679
STEP680
STEP681
STEP682
STEP683
STEP684
STEP685
STEP686
STEP687
STEP688
STEP689
STEP690
STEP691
STEP692
STEP693
STEP694
STEP695
STEP696
STEP697
STEP698
STEP699
STEP700
STEP701
STEP702
STEP703
STEP704
STEP705
STEP706
STEP707
STEP708
STEP709
STEP710
STEP711
STEP712
STEP713
STEP714
STEP715
STEP716
STEP717
STEP718
STEP719
STEP720
STEP721
STEP722
STEP723
STEP724
STEP725
STEP726
STEP727
STEP728
STEP729
STEP730
STEP731
STEP732
STEP733
STEP734
STEP735
STEP736
STEP737
STEP738
STEP739
STEP740
STEP741
STEP742
STEP743
STEP744
STEP745
STEP746
STEP747
STEP748
STEP749
STEP750
STEP751
STEP752
STEP753
STEP754
STEP755
STEP756
STEP757
STEP758
STEP759
STEP760
STEP761
STEP762
STEP763
STEP764
STEP765
STEP766
STEP767
STEP768
STEP769
STEP770
STEP771
STEP772
STEP773
STEP774
STEP775
STEP776
STEP777
STEP778
STEP779
STEP780
STEP781
STEP782
STEP783
STEP784
STEP785
STEP786
STEP787
STEP788
STEP789
STEP790
STEP791
STEP792
STEP793
STEP794
STEP795
STEP796
STEP797
STEP798
STEP799
STEP800
STEP801
STEP802
STEP803
STEP804
STEP805
STEP806
STEP807
STEP808
STEP809
STEP810
STEP811
STEP812
STEP813
STEP814
STEP815
STEP816
STEP817
STEP818
STEP819
STEP820
STEP821
STEP822
STEP823
STEP824
STEP825
STEP826
STEP827
STEP828
STEP829
STEP830
STEP831
STEP832
STEP833
STEP834
STEP835
STEP836
STEP837
STEP838
STEP839
STEP840
STEP841
STEP842
STEP843
STEP844
STEP845
STEP846
STEP847
STEP848
STEP849
STEP850
STEP851
STEP852
STEP853
STEP854
STEP855
STEP856
STEP857
STEP858
STEP859
STEP860
STEP861
STEP862
STEP863
STEP864
STEP865
STEP866
STEP867
STEP868
STEP869
STEP870
STEP871
STEP872
STEP873
STEP874
STEP875
STEP876
STEP877
STEP878
STEP879
STEP880
STEP881
STEP882
STEP883
STEP884
STEP885
STEP886
STEP887
STEP888
STEP889
STEP890
STEP891
STEP892
STEP893
STEP894
STEP895
STEP896
STEP897
STEP898
STEP899
STEP900
STEP901
STEP902
STEP903
STEP904
STEP905
STEP906
STEP907
STEP908
STEP909
STEP910
STEP911
STEP912
STEP913
STEP914
STEP915
STEP916
STEP917
STEP918
STEP919
STEP920
STEP921
STEP922
STEP923
STEP924
STEP925
STEP926
STEP927
STEP928
STEP929
STEP930
STEP931
STEP932
STEP933
STEP934
STEP935
STEP936
STEP937
STEP938
STEP939
STEP940
STEP941
STEP942
STEP943
STEP944
STEP945
STEP946
STEP947
STEP948
STEP949
STEP950
STEP951
STEP952
STEP953
STEP954
STEP955
STEP956
STEP957
STEP958
STEP959
STEP960
STEP961
STEP962
STEP963
STEP964
STEP965
STEP966
STEP967
STEP968
STEP969
STEP970
STEP971
STEP972
STEP973
STEP974
STEP975
STEP976
STEP977
STEP978
STEP979
STEP980
STEP981
STEP982
STEP983
STEP984
STEP985
STEP986
STEP987
STEP988
STEP989
STEP990
STEP991
STEP992
STEP993
STEP994
STEP995
STEP996
STEP997
STEP998
STEP999
STEP1000
STEP1001
STEP1002
STEP1003
STEP1004
STEP1005
STEP1006
STEP1007
STEP1008
STEP1009
STEP1010
STEP1011
STEP1012
STEP1013
STEP1014
STEP1015
STEP1016
STEP1017
STEP1018
STEP1019
STEP1020
STEP1021
STEP1022
STEP1023
STEP1024
STEP1025
STEP1026
STEP1027
STEP1028
STEP1029
STEP1030
STEP1031
STEP1032
STEP1033
STEP1034
STEP1035
STEP1036
STEP1037
STEP1038
STEP1039
STEP1040
STEP1041
STEP1042
STEP1043
STEP1044
STEP1045
STEP1046
STEP1047
STEP1048
STEP1049
STEP1050
STEP1051
STEP1052
STEP1053
STEP1054
STEP1055
STEP1056
STEP1057
STEP1058
STEP1059
STEP1060
STEP1061
STEP1062
STEP1063
STEP1064
STEP1065
STEP1066
STEP1067
STEP1068
STEP1069
STEP1070
STEP1071
STEP1072
STEP1073
STEP1074
STEP1075
STEP1076
STEP1077
STEP1078
STEP1079
STEP1080
STEP1081
STEP1082
STEP1083
STEP1084
STEP1085
STEP1086
STEP1087
STEP1088
STEP1089
STEP1090
STEP1091
STEP1092
STEP1093
STEP1094
STEP1095
STEP1096
STEP1097
STEP1098
STEP1099
STEP1100
STEP1101
STEP1102
STEP1103
STEP1104
STEP1105
STEP1106
STEP1107
STEP1108
STEP1109
STEP1110
STEP1111
STEP1112
STEP1113
STEP1114
STEP1115
STEP1116
STEP1117
STEP1118
STEP1119
STEP1120
STEP1121
STEP1122
STEP1123
STEP1124
STEP1125
STEP1126
STEP1127
STEP1128
STEP1129
STEP1130
STEP1131
STEP1132
STEP1133
STEP1134
STEP1135
STEP1136
STEP1137
STEP1138
STEP1139
STEP1140
STEP1141
STEP1142
STEP1143
STEP1144
STEP1145
STEP1146
STEP1147
STEP1148
STEP1149
STEP1150
STEP1151
STEP1152
STEP1153
STEP1154
STEP1155
STEP1156
STEP1157
STEP1158
STEP1159
STEP1160
STEP1161
STEP1162
STEP1163
STEP1164
STEP1165
STEP1166
STEP1167
STEP1168
STEP1169
STEP1170
STEP1171
STEP1172
STEP1173
STEP1174
STEP1175
STEP1176
STEP1177
STEP1178
STEP1179
STEP1180
STEP1181
STEP1182
STEP1183
STEP1184
STEP1185
STEP1186
STEP1187
STEP1188
STEP1189
STEP1190
STEP1191
STEP1192
STEP1193
STEP1194
STEP1195
STEP1196
STEP1197
STEP1198
STEP1199
STEP1200
STEP1201
STEP1202
STEP1203
STEP1204
STEP1205
STEP1206
STEP1207
STEP1208
STEP1209
STEP1210
STEP1211
STEP1212
STEP1213
STEP1214
STEP1215
STEP1216
STEP1217
STEP1218
STEP1219
STEP1220
STEP1221
STEP1222
STEP1223
STEP1224
STEP1225
STEP1226
STEP1227
STEP1228
STEP1229
STEP1230
STEP1231
STEP1232
STEP1233
STEP1234
STEP1235
STEP1236
STEP1237
STEP1238
STEP1239
STEP1240
STEP1241
STEP1242
STEP1243
STEP1244
STEP1245
STEP1246
STEP1247
STEP1248
STEP1249
STEP1250
STEP1251
STEP1252
STEP1253
STEP1254
STEP1255
STEP1256
STEP1257
STEP1258
STEP1259
STEP1260
STEP1261
STEP1262
STEP1263
STEP1264
STEP1265
STEP1266
STEP1267
STEP1268
STEP1269
STEP1270
STEP1271
STEP1272
STEP1273
STEP1274
STEP1275
STEP1276
STEP1277
STEP1278
STEP1279
STEP1280
STEP1281
STEP1282
STEP1283
STEP1284
STEP1285
STEP1286
STEP1287
STEP1288
STEP1289
STEP1290
STEP1291
STEP1292
STEP1293
STEP1294
STEP1295
STEP1296
STEP1297
STEP1298
STEP1299
STEP1300
STEP1301
STEP1302
STEP1303
STEP1304
STEP1305
STEP1306
STEP1307
STEP1308
STEP1309
STEP1310
STEP1311
STEP1312
STEP1313
STEP1314
STEP1315
STEP1316
STEP1317
STEP1318
STEP1319
STEP1320
STEP1321
STEP1322
STEP1323
STEP1324
STEP1325
STEP1326
STEP1327
STEP1328
STEP1329
STEP1330
STEP1331
STEP1332
STEP1333
STEP1334
STEP1335
STEP1336
STEP1337
STEP1338
STEP1339
STEP1340
STEP1341
STEP1342
STEP1343
STEP1344
STEP1345
STEP1346
STEP1347
STEP1348
STEP1349
STEP1350
STEP1351
STEP1352
STEP1353
STEP1354
STEP1355
STEP1356
STEP1357
STEP1358
STEP1359
STEP1360
STEP1361
STEP1362
STEP1363
STEP1364
STEP1365
STEP1366
STEP1367
STEP1368
STEP1369
STEP1370
STEP1371
STEP1372
STEP1373
STEP1374
STEP1375
STEP1376
STEP1377
STEP1378
STEP1379
STEP1380
STEP1381
STEP1382
STEP1383
STEP1384
STEP1385
STEP1386
STEP1387
STEP1388
STEP1389
STEP1390
STEP1391
STEP1392
STEP1393
STEP1394
STEP1395
STEP1396
STEP1397
STEP1398
STEP1399
STEP1400
STEP1401
STEP1402
STEP1403
STEP1404
STEP1405
STEP1406
STEP1407
STEP1408
STEP1409
STEP1410
STEP1411
STEP1412
STEP1413
STEP1414
STEP1415
STEP1416
STEP1417
STEP1418
STEP1419
STEP1420
STEP1421
STEP1422
STEP1423
STEP1424
STEP1425
STEP1426
STEP1427
STEP1428
STEP1429
STEP1430
STEP1431
STEP1432
STEP1433
STEP1434
STEP1435
STEP1436
STEP1437
STEP1438
STEP1439
STEP1440
STEP1441
STEP1442
STEP1443
STEP1444
STEP1445
STEP1446
STEP1447
STEP1448
STEP1449
STEP1450
STEP1451
STEP1452
STEP1453
STEP1454
STEP1455
STEP1456
STEP1457
STEP1458
STEP1459
STEP1460
STEP1461
STEP1462
STEP1463
STEP1464
STEP1465
STEP1466
STEP1467
STEP1468
STEP1469
STEP1470
STEP1471
STEP1472
STEP1473
STEP1474
STEP1475
STEP1476
STEP1477
STEP1478
STEP1479
STEP1480
STEP1481
STEP1482
STEP1483
STEP1484
STEP1485
STEP1486
STEP1487
STEP1488
STEP1489
STEP1490
STEP1491
STEP1492
STEP1493
STEP1494
STEP1495
STEP1496
STEP1497
STEP1498
STEP1499
STEP1500
STEP1501
STEP1502
STEP1503
STEP1504
STEP1505
STEP1506
STEP1507
STEP1508
STEP1509
STEP1510
STEP1511
STEP1512
STEP1513
STEP1514
STEP1515
STEP1516
STEP1517
STEP1518
STEP1519
STEP1520
STEP1521
STEP1522
STEP1523
STEP1524
STEP1525
STEP1526
STEP1527
STEP1528
STEP1529
STEP1530
STEP1531
STEP1532
STEP1533
STEP1534
STEP1535
STEP1536
STEP1537
STEP1538
STEP1539
STEP1540
STEP1541
STEP1542
STEP1543
STEP1544
STEP1545
STEP1546
STEP1547
STEP1548
STEP1549
STEP1550
STEP1551
STEP1552
STEP1553
STEP1554
STEP1555
STEP1556
STEP1557
STEP1558
STEP1559
STEP1560
STEP1561
STEP1562
STEP1563
STEP1564
STEP1565
STEP1566
STEP1567
STEP1568
STEP1569
STEP1570
STEP1571
STEP1572
STEP1573
STEP1574
STEP1575
STEP1576
STEP1577
STEP1578
STEP1579
STEP1580
STEP1581
STEP1582
STEP1583
STEP1584
STEP1585
STEP1586
STEP1587
STEP1588
STEP1589
STEP1590
STEP1591
STEP1592
STEP1593
STEP1594
STEP1595
STEP1596
STEP1597
STEP1598
STEP1599
STEP1600
STEP1601
STEP1602
STEP1603
STEP1604
STEP1605
STEP1606
STEP1607
STEP1608
STEP1609
STEP1610
STEP1611
STEP1612
STEP1613
STEP1614
STEP1615
STEP1616
STEP1617
STEP1618
STEP1619
STEP1620
STEP1621
STEP1622
STEP1623
STEP1624
STEP1625
STEP1626
STEP1627
STEP1628
STEP1629
STEP1630
STEP1631
STEP1632
STEP1633
STEP1634
STEP1635
STEP1636
STEP1637
STEP1638
STEP1639
STEP1640
STEP1641
STEP1642
STEP1643
STEP1644
STEP1645
STEP1646
STEP1647
STEP1648
STEP1649
STEP1650
STEP1651
STEP1652
STEP1653
STEP1654
STEP1655
STEP1656
STEP1657
STEP1658
STEP1659
STEP1660
STEP1661
STEP1662
STEP1663
STEP1664
STEP1665
STEP1666
STEP1667
STEP1668
STEP1669
STEP1670
STEP1671
STEP1672
STEP1673
STEP1674
STEP1675
STEP1676
STEP1677
STEP1678
STEP1679
STEP1680
STEP1681
STEP1682
STEP1683
STEP1684
STEP1685
STEP1686
STEP1687
STEP1688
STEP1689
STEP1690
STEP1691
STEP1692
STEP1693
STEP1694
STEP1695
STEP1696
STEP1697
STEP1698
STEP1699
STEP1700
STEP1701
STEP1702
STEP1703
STEP1704
STEP1705
STEP1706
STEP1707
STEP1708
STEP1709
STEP1710
STEP1711
STEP1712
STEP1713
STEP1714
STEP1715
STEP1716
STEP1717
STEP1718
STEP1719
STEP1720
STEP1721
STEP1722
STEP1723
STEP1724
STEP1725
STEP1726
STEP1727
STEP1728
STEP1729
STEP1730
STEP1731
STEP1732
STEP1733
STEP1734
STEP1735
STEP1736
STEP1737
STEP1738
STEP1739
STEP1740
STEP1741
STEP1742
STEP1743
STEP1744
STEP1745
STEP1746
STEP1747
STEP1748
STEP1749
STEP1750
STEP1751
STEP1752
STEP1753
STEP1754
STEP1755
STEP1756
STEP1757
STEP1758
STEP1759
STEP1760
STEP1761
STEP1762
STEP1763
STEP1764
STEP1765
STEP1766
STEP1767
STEP1768
STEP1769
STEP1770
STEP1771
STEP1772
STEP1773
STEP1774
STEP1775
STEP1776
STEP1777
STEP1778
STEP1779
STEP1780
STEP1781
STEP1782
STEP1783
STEP1784
STEP1785
STEP1786
STEP1787
STEP1788
STEP1789
STEP1790
STEP1791
STEP1792
STEP1793
STEP1794
STEP1795
STEP1796
STEP1797
STEP1798
STEP1799
STEP1800
STEP1801
STEP1802
STEP1803
STEP1804
STEP1805
STEP1806
STEP1807
STEP1808
STEP1809
STEP1810
STEP1811
STEP1812
STEP1813
STEP1814
STEP1815
STEP1816
STEP1817
STEP1818
STEP1819
STEP1820
STEP1821
STEP1822
STEP1823
STEP1824
STEP1825
STEP1826
STEP1827
STEP1828
STEP1829
STEP1830
STEP1831
STEP1832
STEP1833
STEP1834
STEP1835
STEP1836
STEP1837
STEP1838
STEP1839
STEP1840
STEP1841
STEP1842
STEP1843
STEP1844
STEP1845
STEP1846
STEP1847
STEP1848
STEP1849
STEP1850
STEP1851
STEP1852
STEP1853
STEP1854
STEP1855
STEP1856
STEP1857
STEP1858
STEP1859
STEP1860
STEP1861
STEP1862
STEP1863
STEP1864
STEP1865
STEP1866
STEP1867
STEP1868
STEP1869
STEP1870
STEP1871
STEP1872
STEP1873
STEP1874
STEP1875
STEP1876
STEP1877
STEP1878
STEP1879
STEP1880
STEP1881
STEP1882
STEP1883
STEP1884
STEP1885
STEP1886
STEP1887
STEP1888
STEP1889
STEP1890
STEP1891
STEP1892
STEP1893
STEP1894
STEP1895
STEP1896
STEP1897
STEP1898
STEP1899
STEP1900
STEP1901
STEP1902
STEP1903
STEP1904
STEP1905
STEP1906
STEP1907
STEP1908
STEP1909
STEP1910
STEP1911
STEP1912
STEP1913
STEP1914
STEP1915
STEP1916
STEP1917
STEP1918
STEP1919
STEP1920
STEP1921
STEP1922
STEP1923
STEP1924
STEP1925
STEP1926
STEP1927
STEP1928
STEP1929
STEP1930
STEP1931
STEP1932
STEP1933
STEP1934
STEP1935
STEP1936
STEP1937
STEP1938
STEP1939
STEP1940
STEP1941
STEP1942
STEP1943
STEP1944
STEP1945
STEP1946
STEP1947
STEP1948
STEP1949
STEP1950
STEP1951
STEP1952
STEP1953
STEP1954
STEP1955
STEP1956
STEP1957
STEP1958
STEP1959
STEP1960
STEP1961
STEP1962
STEP1963
STEP1964
STEP1965
STEP1966
STEP1967
STEP1968
STEP1969
STEP1970
STEP1971
STEP1972
STEP1973
STEP1974
STEP1975
STEP1976
STEP1977
STEP1978
STEP1979
STEP1980
STEP1981
STEP1982
STEP1983
STEP1984
STEP1985
STEP1986
STEP1987
STEP1988
STEP1989
STEP1990
STEP1991
STEP1992
STEP1993
STEP1994
STEP1995
STEP1996
STEP1997
STEP1998
STEP1999
STEP2000
STEP2001
STEP2002
STEP2003
STEP2004
STEP2005
STEP2006
STEP2007
STEP2008
STEP2009
STEP2010
STEP2011
STEP2012
STEP2013
STEP2014
STEP2015
STEP2016
STEP2017
STEP2018
STEP2019
STEP2020
STEP2021
STEP2022
STEP2023
STEP2024
STEP2025
STEP2026
STEP2027
STEP2028
STEP2029
STEP2030
STEP2031
STEP2032
STEP2033
STEP2034
STEP2035
STEP2036
STEP2037
STEP2038
STEP2039
STEP2040
STEP2041
STEP2042
STEP2043
STEP2044
STEP2045
STEP2046
STEP2047
STEP2048
STEP2049
STEP2050
STEP2051
STEP2052
STEP2053
STEP2054
STEP2055
STEP2056
STEP2057
STEP2058
STEP2059
STEP2060
STEP2061
STEP2062
STEP2063
STEP2064
STEP2065
STEP2066
STEP2067
STEP2068
STEP2069
STEP2070
STEP2071
STEP2072
STEP2073
STEP2074
STEP2075
STEP2076
STEP2077
STEP2078
STEP2079
STEP2080
STEP2081
STEP2082
STEP2083
STEP2084
STEP2085
STEP2086
STEP2087
STEP2088
STEP2089
STEP2090
STEP2091
STEP2092
STEP2093
STEP2094
STEP2095
STEP2096
STEP2097
STEP2098
STEP2099
STEP2100
STEP2101
STEP2102
STEP2103
STEP2104
STEP2105
STEP2106
STEP2107
STEP2108
STEP2109
STEP2110
STEP2111
STEP2112
STEP2113
STEP2114
STEP2115
STEP2116
STEP2117
STEP2118
STEP2119
STEP2120
STEP2121
STEP2122
STEP2123
STEP2124
STEP2125
STEP2126
STEP2127
STEP2128
STEP2129
STEP2130
STEP2131
STEP2132
STEP2133
STEP2134
STEP2135
STEP2136
STEP2137
STEP2138
STEP2139
STEP2140
STEP2141
STEP2142
STEP2143
STEP2144
STEP2145
STEP2146
STEP2147
STEP2148
STEP2149
STEP2150
STEP2151
STEP2152
STEP2153
STEP2154
STEP2155
STEP2156
STEP2157
STEP2158
STEP2159
STEP2160
STEP2161
STEP2162
STEP2163
STEP2164
STEP2165
STEP2166
STEP2167
STEP2168
STEP2169
STEP2170
STEP2171
STEP2172
STEP2173
STEP2174
STEP2175
STEP2176
STEP2177
STEP2178
STEP2179
STEP2180
STEP2181
STEP2182
STEP2183
STEP2184
STEP2185
STEP2186
STEP2187
STEP2188
STEP2189
STEP2190
STEP2191
STEP2192
STEP2193
STEP2194
STEP2195
STEP2196
STEP2197
STEP2198
STEP2199
STEP2200
STEP2201
STEP2202
STEP2203
STEP2204
STEP2205
STEP2206
STEP2207
STEP2208
STEP2209
STEP2210
STEP2211
STEP2212
STEP2213
STEP2214
STEP2215
STEP2216
STEP2217
STEP2218
STEP2219
STEP2220
STEP2221
STEP2222
STEP2223
STEP2224
STEP2225
STEP2226
STEP2227
STEP2228
STEP2229
STEP2230
STEP2231
STEP2232
STEP2233
STEP2234
STEP2235
STEP2236
STEP2237
STEP2238
STEP2239
STEP2240
STEP2241
STEP2242
STEP2243
STEP2244
STEP2245
STEP2246
STEP2247
STEP2248
STEP2249
STEP2250
STEP2251
STEP2252
STEP2253
STEP2254
STEP2255
STEP2256
STEP2257
STEP2258
STEP2259
STEP2260
STEP2261
STEP2262
STEP2263
STEP2264
STEP2265
STEP2266
STEP2267
STEP2268
STEP2269
STEP2270
STEP2271
STEP2272
STEP2273
STEP2274
STEP2275
STEP2276
STEP2277
STEP2278
STEP2279
STEP2280
STEP2281
STEP2282
STEP2283
STEP2284
STEP2285
STEP2286
STEP2287
STEP2288
STEP2289
STEP2290
STEP2291
STEP2292
STEP2293
STEP2294
STEP2295
STEP2296
STEP2297
STEP2298
STEP2299
STEP2300
STEP2301
STEP2302
STEP2303
STEP2304
STEP2305
STEP2306
STEP2307
STEP2308
STEP2309
STEP2310
STEP2311
STEP2312
STEP2313
STEP2314
STEP2315
STEP2316
STEP2317
STEP2318
STEP2319
STEP2320
STEP2321
STEP2322
STEP2323
STEP2324
STEP2325
STEP2326
STEP2327
STEP2328
STEP2329
STEP2330
STEP2331
STEP2332
STEP2333
STEP2334
STEP2335
STEP2336
STEP2337
STEP2338
STEP2339
STEP2340
STEP2341
STEP2342
STEP2343
STEP2344
STEP2345
STEP2346
STEP2347
STEP2348
STEP2349
STEP2350
STEP2351
STEP2352
STEP2353
STEP2354
STEP2355
STEP2356
STEP2357
STEP2358
STEP2359
STEP2360
STEP2361
STEP2362
STEP2363
STEP2364
STEP2365
STEP2366
STEP2367
STEP2368
STEP2369
STEP2370
STEP2371
STEP2372
STEP2373
STEP2374
STEP2375
STEP2376
STEP2377
STEP2378
STEP2379
STEP2380
STEP2381
STEP2382
STEP2383
STEP2384
STEP2385
STEP2386
STEP2387
STEP2388
STEP2389
STEP2390
STEP2391
STEP2392
STEP2393
STEP2394
STEP2395
STEP2396
STEP2397
STEP2398
STEP2399
STEP2400
STEP2401
STEP2402
STEP2403
STEP2404
STEP2405
STEP2406
STEP2407
STEP2408
STEP2409
STEP2410
STEP2411
STEP2412
STEP2413
STEP2414
STEP2415
STEP2416
STEP2417
STEP2418
STEP2419
STEP2420
STEP2421
STEP2422
STEP2423
STEP2424
STEP2425
STEP2426
STEP2427
STEP2428
STEP2429
STEP2430
STEP2431
STEP2432
STEP2433
STEP2434
STEP2435
STEP2436
STEP2437
STEP2438
STEP2439
STEP2440
STEP2441
STEP2442
STEP2443
STEP2444
STEP2445
STEP2446
STEP2447
STEP2448
STEP2449
STEP2450
STEP2451
STEP2452
STEP2453
STEP2454
STEP2455
STEP2456
STEP2457
STEP2458
STEP2459
STEP2460
STEP2461
STEP2462
STEP2463
STEP2464
STEP2465
STEP2466
STEP2467
STEP2468
STEP2469
STEP2470
STEP2471
STEP2472
STEP2473
STEP2474
STEP2475
STEP2476
STEP2477
STEP2478
STEP2479
STEP2480
STEP2481
STEP2482
STEP2483
STEP2484
STEP2485
STEP2486
STEP2487
STEP2488
STEP2489
STEP2490
STEP2491
STEP2492
STEP2493
STEP2494
STEP2495
STEP2496
STEP2497
STEP2498
STEP2499
STEP2500
STEP2501
STEP2502
STEP2503
STEP2504
STEP2505
STEP2506
STEP2507
STEP2508
STEP2509
STEP2510
STEP2511
STEP2512
STEP2513
STEP2514
STEP2515
STEP2516
STEP2517
STEP2518
STEP2519
STEP2520
STEP2521
STEP2522
STEP2523
STEP2524
STEP2525
STEP2526
STEP2527
STEP2528
STEP2529
STEP2530
STEP2531
STEP2532
STEP2533
STEP2534
STEP2535
STEP2536
STEP2537
STEP2538
STEP2539
STEP2540
STEP2541
STEP2542
STEP2543
STEP2544
STEP2545
STEP2546
STEP2547
STEP2548
STEP2549
STEP2550
STEP2551
STEP2552
STEP2553
STEP2554
STEP2555
STEP2556
STEP2557
STEP2558
STEP2559
STEP2560
STEP2561
STEP2562
STEP2563
STEP2564
STEP2565
STEP2566
STEP2567
STEP2568
STEP2569
STEP2570
STEP2571
STEP2572
STEP2573
STEP2574
STEP2575
STEP2576
STEP2577
STEP2578
STEP2579
STEP2580
STEP2581
STEP2582
STEP2583
STEP2584
STEP2585
STEP2586
STEP2587
STEP2588
STEP2589
STEP2590
STEP2591
STEP2592
STEP2593
STEP2594
STEP2595
STEP2596
STEP2597
STEP2598
STEP2599
STEP2600
STEP2601
STEP2602
STEP2603
STEP2604
STEP2605
STEP2606
STEP2607
STEP2608
STEP2609
STEP2610
STEP2611
STEP2612
STEP2613
STEP2614
STEP2615
STEP2616
STEP2617
STEP2618
STEP2619
STEP2620
STEP2621
STEP2622
STEP2623
STEP2624
STEP2625
STEP2626
STEP2627
STEP2628
STEP2629
STEP2630
STEP2631
STEP2632
STEP2633
STEP2634
STEP2635
STEP2636
STEP2637
STEP2638
STEP2639
STEP2640
STEP2641
STEP2642
STEP2643
STEP2644
STEP2645
STEP2646
STEP2647
STEP2648
STEP2649
STEP2650
STEP2651
STEP2652
STEP2653
STEP2654
STEP2655
STEP2656
STEP2657
STEP2658
STEP2659
STEP2660
STEP2661
STEP2662
STEP2663
STEP2664
STEP2665
STEP2666
STEP2667
STEP2668
STEP2669
STEP2670
STEP2671
STEP2672
STEP2673
STEP2674
STEP2675
STEP2676
STEP2677
STEP2678
STEP2679
STEP2680
STEP2681
STEP2682
STEP2683
STEP2684
STEP2685
STEP2686
STEP2687
STEP2688
STEP2689
STEP2690
STEP2691
STEP2692
STEP2693
STEP2694
STEP2695
STEP2696
STEP2697
STEP2698
STEP2699
STEP2700
STEP2701
STEP2702
STEP2703
STEP2704
STEP2705
STEP2706
STEP2707
STEP2708
STEP2709
STEP2710
STEP2711
STEP2712
STEP2713
STEP2714
STEP2715
STEP2716
STEP2717
STEP2718
STEP2719
STEP2720
STEP2721
STEP2722
STEP2723
STEP2724
STEP2725
STEP2726
STEP2727
STEP2728
STEP2729
STEP2730
STEP2731
STEP2732
STEP2733
STEP2734
STEP2735
STEP2736
STEP2737
STEP2738
STEP2739
STEP2740
STEP2741
STEP2742
STEP2743
STEP2744
STEP2745
STEP2746
STEP2747
STEP2748
STEP2749
STEP2750
STEP2751
STEP2752
STEP2753
STEP2754
STEP2755
STEP2756
STEP2757
STEP2758
STEP2759
STEP2760
STEP2761
STEP2762
STEP2763
STEP2764
STEP2765
STEP2766
STEP2767
STEP2768
STEP2769
STEP2770
STEP2771
STEP2772
STEP2773
STEP2774
STEP2775
STEP2776
STEP2777
STEP2778
STEP2779
STEP2780
STEP2781
STEP2782
STEP2783
STEP2784
STEP2785
STEP2786
STEP2787
STEP2788
STEP2789
STEP2790
STEP2791
STEP2792
STEP2793
STEP2794
STEP2795
STEP2796
STEP2797
STEP2798
STEP2799
STEP2800
STEP2801
STEP2802
STEP2803
STEP2804
STEP2805
STEP2806
STEP2807
STEP2808
STEP2809
STEP2810
STEP2811
STEP2812
STEP2813
STEP2814
STEP2815
STEP2816
STEP2817
STEP2818
STEP2819
STEP2820
STEP2821
STEP2822
STEP2823
STEP2824
STEP2825
STEP2826
STEP2827
STEP2828
STEP2829
STEP2830
STEP2831
STEP2832
STEP2833
STEP2834
STEP2835
STEP2836
STEP2837
STEP2838
STEP2839
STEP2840
STEP2841
STEP2842
STEP2843
STEP2844
STEP2845
STEP2846
STEP2847
STEP2848
STEP2849
STEP2850
STEP2851
STEP2852
STEP2853
STEP2854
STEP2855
STEP2856
STEP2857
STEP2858
STEP2859
STEP2860
STEP2861
STEP2862
STEP2863
STEP2864
STEP2865
STEP2866
STEP2867
STEP2868
STEP2869
STEP2870
STEP2871
STEP2872
STEP2873
STEP2874
STEP2875
STEP2876
STEP2877
STEP2878
STEP2879
STEP2880
STEP2881
STEP2882
STEP2883
STEP2884
STEP2885
STEP2886
STEP2887
STEP2888
STEP2889
STEP2890
STEP2891
STEP2892
STEP2893
STEP2894
STEP2895
STEP2896
STEP2897
STEP2898
STEP2899
STEP2900
STEP2901
STEP2902
STEP2903
STEP2904
STEP2905
STEP2906
STEP2907
STEP2908
STEP2909
STEP2910
STEP2911
STEP2912
STEP2913
STEP2914
STEP2915
STEP2916
STEP2917
STEP2918
STEP2919
STEP2920
STEP2921
STEP2922
STEP2923
STEP2924
STEP2925
STEP2926
STEP2927
STEP2928
STEP2929
STEP2930
STEP2931
STEP2932
STEP2933
STEP2934
STEP2935
STEP2936
STEP2937
STEP2938
STEP2939
STEP2940
STEP2941
STEP2942
STEP2943
STEP2944
STEP2945
STEP2946
STEP2947
STEP2948
STEP2949
STEP2950
STEP2951
STEP2952
STEP2953
STEP2954
STEP2955
STEP2956
STEP2957
STEP2958
STEP2959
STEP2960
STEP2961
STEP2962
STEP2963
STEP2964
STEP2965
STEP2966
STEP2967
STEP2968
STEP2969
STEP2970
STEP2971
STEP2972
STEP2973
STEP2974
STEP2975
STEP2976
STEP2977
STEP2978
STEP2979
STEP2980
STEP2981
STEP2982
STEP2983
STEP2984
STEP2985
STEP2986
STEP2987
STEP2988
STEP2989
STEP2990
STEP2991
STEP2992
STEP2993
STEP2994
STEP2995
STEP2996
STEP2997
STEP2998
STEP2999
STEP3000
STEP3001
STEP3002
STEP3003
STEP3004
STEP3005
STEP3006
STEP3007
STEP3008
STEP3009
STEP3010
STEP3011
STEP3012
STEP3013
STEP3014
STEP3015
STEP3016
STEP3017
STEP3018
STEP3019
STEP3020
STEP3021
STEP3022
STEP3023
STEP3024
STEP3025
STEP3026
STEP3027
STEP3028
STEP3029
STEP3030
STEP3031
STEP3032
STEP3033
STEP3034
STEP3035
STEP3036
STEP3037
STEP3038
STEP3039
STEP3040
STEP3041
STEP3042
STEP3043
STEP3044
STEP3045
STEP3046
STEP3047
STEP3048
STEP3049
STEP3050
STEP3051
STEP3052
STEP3053
STEP3054
STEP3055
STEP3056
STEP3057
STEP3058
STEP3059
STEP3060
STEP3061
STEP3062
STEP3063
STEP3064
STEP3065
STEP3066
STEP3067
STEP3068
STEP3069
STEP3070
STEP3071
STEP3072
STEP3073
STEP3074
STEP3075
STEP3076
STEP3077
STEP3078
STEP3079
STEP3080
STEP3081
STEP3082
STEP3083
STEP3084
STEP3085
STEP3086
STEP3087
STEP3088
STEP3089
STEP3090
STEP3091
STEP3092
STEP3093
STEP3094
STEP3095
STEP3096
STEP3097
STEP3098
STEP3099
STEP3100
STEP3101
STEP3102
STEP3103
STEP3104
STEP3105
STEP3106
STEP3107
STEP3108
STEP3109
STEP3110
STEP3111
STEP3112
STEP3113
STEP3114
STEP3115
STEP3116
STEP3117
STEP3118
STEP3119
STEP3120
STEP3121
STEP3122
STEP3123
STEP3124
STEP3125
STEP3126
STEP3127
STEP3128
STEP3129
STEP3130
STEP3131
STEP3132
STEP3133
STEP3134
STEP3135
STEP3136
STEP3137
STEP3138
STEP3139
STEP3140
STEP3141
STEP3142
STEP3143
STEP3144
STEP3145
STEP3146
STEP3147
STEP3148
STEP3149
STEP3150
STEP3151
STEP3152
STEP3153
STEP3154
STEP3155
STEP3156
STEP3157
STEP3158
STEP3159
STEP3160
STEP3161
STEP3162
STEP3163
STEP3164
STEP3165
STEP3166
STEP3167
STEP3168
STEP3169
STEP3170
STEP3171
STEP3172
STEP3173
STEP3174
STEP3175
STEP3176
STEP3177
STEP3178
STEP3179
STEP3180
STEP3181
STEP3182
STEP3183
STEP3184
STEP3185
STEP3186
STEP3187
STEP3188
STEP3189
STEP3190
STEP3191
STEP3192
STEP3193
STEP3194
STEP3195
STEP3196
STEP3197
STEP3198
STEP3199
STEP3200
STEP3201
STEP3202
STEP3203
STEP3204
STEP3205
STEP3206
STEP3207
STEP3208
STEP3209
STEP3210
STEP3211
STEP3212
STEP3213
STEP3214
STEP3215
STEP3216
STEP3217
STEP3218
STEP3219
STEP3220
STEP3221
STEP3222
STEP3223
STEP3224
STEP3225
STEP3226
STEP3227
STEP3228
STEP3229
STEP3230
STEP3231
STEP3232
STEP3233
STEP3234
STEP3235
STEP3236
STEP3237
STEP3238
STEP3239
STEP3240
STEP3241
STEP3242
STEP3243
STEP3244
STEP3245
STEP3246
STEP3247
STEP3248
STEP3249
STEP3250
STEP3251
STEP3252
STEP3253
STEP3254
STEP3255
STEP3256
STEP3257
STEP3258
STEP3259
STEP3260
STEP3261
STEP3262
STEP3263
STEP3264
STEP3265
STEP3266
STEP3267
STEP3268
STEP3269
STEP3270
STEP3271
STEP3272
STEP3273
STEP3274
STEP3275
STEP3276
STEP3277
STEP3278
STEP3279
STEP3280
STEP3281
STEP3282
STEP3283
STEP3284
STEP3285
STEP3286
STEP3287
STEP3288
STEP3289
STEP3290
STEP3291
STEP3292
STEP3293
STEP3294
STEP3295
STEP3296
STEP3297
STEP3298
STEP3299
STEP3300
STEP3301
STEP3302
STEP3303
STEP3304
STEP3305
STEP3306
STEP3307
STEP3308
STEP3309
STEP3310
STEP3311
STEP3312
STEP3313
STEP3314
STEP3315
STEP3316
STEP3317
STEP3318
STEP3319
STEP3320
STEP3321
STEP3322
STEP3323
STEP3324
STEP3325
STEP3326
STEP3327
STEP3328
STEP3329
STEP3330
STEP3331
STEP3332
STEP3333
STEP3334
STEP3335
STEP3336
STEP3337
STEP3338
STEP3339
STEP3340
STEP3341
STEP3342
STEP3343
STEP3344
STEP3345
STEP3346
STEP3347
STEP3348
STEP3349
STEP3350
STEP3351
STEP3352
STEP3353
STEP3354
STEP3355
STEP3356
STEP3357
STEP3358
STEP3359
STEP3360
STEP3361
STEP3362
STEP3363
STEP3364
STEP3365
STEP3366
STEP3367
STEP3368
STEP3369
STEP3370
STEP3371
STEP3372
STEP3373
STEP3374
STEP3375
STEP3376
STEP3377
STEP3378
STEP3379
STEP3380
STEP3381
STEP3382
STEP3383
STEP3384
STEP3385
STEP3386
STEP3387
STEP3388
STEP3389
STEP3390
STEP3391
STEP3392
STEP3393
STEP3394
STEP3395
STEP3396
STEP3397
STEP3398
STEP3399
STEP3400
STEP3401
STEP3402
STEP3403
STEP3404
STEP3405
STEP3406
STEP3407
STEP3408
STEP3409
STEP3410
STEP3411
STEP3412
STEP3413
STEP3414
STEP3415
STEP3416
STEP3417
STEP3418
STEP3419
STEP3420
STEP3421
STEP3422
STEP3423
STEP3424
STEP3425
STEP3426
STEP3427
STEP3428
STEP3429
STEP3430
STEP3431
STEP3432
STEP3433
STEP3434
STEP3435
STEP3436
STEP3437
STEP3438
STEP3439
STEP3440
STEP3441
STEP3442
STEP3443
STEP3444
STEP3445
STEP3446
STEP3447
STEP3448
STEP3449
STEP3450
STEP3451
STEP3452
STEP3453
STEP3454
STEP3455
STEP3456
STEP3457
STEP3458
STEP3459
STEP3460
STEP3461
STEP3462
STEP3463
STEP3464
STEP3465
STEP3466
STEP3467
STEP3468
STEP3469
STEP3470
STEP3471
STEP3472
STEP3473
STEP3474
STEP3475
STEP3476
STEP3477
STEP3478
STEP3479
STEP3480
STEP3481
STEP3482
STEP3483
STEP3484
STEP3485
STEP3486
STEP3487
STEP3488
STEP3489
STEP3490
STEP3491
STEP3492
STEP3493
STEP3494
STEP3495
STEP3496
STEP3497
STEP3498
STEP3499
STEP3500
STEP3501
STEP3502
STEP3503
STEP3504
STEP3505
STEP3506
STEP3507
STEP3508
STEP3509
STEP3510
STEP3511
STEP3512
STEP3513
STEP3514
STEP3515
STEP3516
STEP3517
STEP3518
STEP3519
STEP3520
STEP3521
STEP3522
STEP3523
STEP3524
STEP3525
STEP3526
STEP3527
STEP3528
STEP3529
STEP3530
STEP3531
STEP3532
STEP3533
STEP3534
STEP3535
STEP3536
STEP3537
STEP3538
STEP3539
STEP3540
STEP3541
STEP3542
STEP3543
STEP3544
STEP3545
STEP3546
STEP3547
STEP3548
STEP3549
STEP3550
STEP3551
STEP3552
STEP3553
STEP3554
STEP3555
STEP3556
STEP3557
STEP3558
STEP3559
STEP3560
STEP3561
STEP3562
STEP3563
STEP3564
STEP3565
STEP3566
STEP3567
STEP3568
STEP3569
STEP3570
STEP3571
STEP3572
STEP3573
STEP3574
STEP3575
STEP3576
STEP3577
STEP3578
STEP3579
STEP3580
STEP3581
STEP3582
STEP3583
STEP3584
STEP3585
STEP3586
STEP3587
STEP3588
STEP3589
STEP3590
STEP3591
STEP3592
STEP3593
STEP3594
STEP3595
STEP3596
STEP3597
STEP3598
STEP3599
STEP3600
STEP3601
STEP3602
STEP3603
STEP3604
STEP3605
STEP3606
STEP3607
STEP3608
STEP3609
STEP3610
STEP3611
STEP3612
STEP3613
STEP3614
STEP3615
STEP3616
STEP3617
STEP3618
STEP3619
STEP3620
STEP3621
STEP3622
STEP3623
STEP3624
STEP3625
STEP3626
STEP3627
STEP3628
STEP3629
STEP3630
STEP3631
STEP3632
STEP3633
STEP3634
STEP3635
STEP3636
STEP3637
STEP3638
STEP3639
STEP3640
STEP3641
STEP3642
STEP3643
STEP3644
STEP3645
STEP3646
STEP3647
STEP3648
STEP3649
STEP3650
STEP3651
STEP3652
STEP3653
STEP3654
STEP3655
STEP3656
STEP3657
STEP3658
STEP3659
STEP3660
STEP3661
STEP3662
STEP3663
STEP3664
STEP3665
STEP3666
STEP3667
STEP3668
STEP3669
STEP3670
STEP3671
STEP3672
STEP3673
STEP3674
STEP3675
STEP3676
STEP3677
STEP3678
STEP3679
STEP3680
STEP3681
STEP3682
STEP3683
STEP3684
STEP3685
STEP3686
STEP3687
STEP3688
STEP3689
STEP3690
STEP3691
STEP3692
STEP3693
STEP3694
STEP3695
STEP3696
STEP3697
STEP3698
STEP3699
STEP3700
STEP3701
STEP3702
STEP3703
STEP3704
STEP3705
STEP3706
STEP3707
STEP3708
STEP3709
STEP3710
STEP3711
STEP3712
STEP3713
STEP3714
STEP3715
STEP3716
STEP3717
STEP3718
STEP3719
STEP3720
STEP3721
STEP3722
STEP3723
STEP3724
STEP3725
STEP3726
STEP3727
STEP3728
STEP3729
STEP3730
STEP3731
STEP3732
STEP3733
STEP3734
STEP3735
STEP3736
STEP3737
STEP3738
STEP3739
STEP3740
STEP3741
STEP3742
STEP3743
STEP3744
STEP3745
STEP3746
STEP3747
STEP3748
STEP3749
STEP3750
STEP3751
STEP3752
STEP3753
STEP3754
STEP3755
STEP3756
STEP3757
STEP3758
STEP3759
STEP3760
STEP3761
STEP3762
STEP3763
STEP3764
STEP3765
STEP3766
STEP3767
STEP3768
STEP3769
STEP3770
STEP3771
STEP3772
STEP3773
STEP3774
STEP3775
STEP3776
STEP3777
STEP3778
STEP3779
STEP3780
STEP3781
STEP3782
STEP3783
STEP3784
STEP3785
STEP3786
STEP3787
STEP3788
STEP3789
STEP3790
STEP3791
STEP3792
STEP3793
STEP3794
STEP3795
STEP3796
STEP3797
STEP3798
STEP3799
STEP3800
STEP3801
STEP3802
STEP3803
STEP3804
STEP3805
STEP3806
STEP3807
STEP3808
STEP3809
STEP3810
STEP3811
STEP3812
STEP3813
STEP3814
STEP3815
STEP3816
STEP3817
STEP3818
STEP3819
STEP3820
STEP3821
STEP3822
STEP3823
STEP3824
STEP3825
STEP3826
STEP3827
STEP3828
STEP3829
STEP3830
STEP3831
STEP3832
STEP3833
STEP3834
STEP3835
STEP3836
STEP3837
STEP3838
STEP3839
STEP3840
STEP3841
STEP3842
STEP3843
STEP3844
STEP3845
STEP3846
STEP3847
STEP3848
STEP3849
STEP3850
STEP3851
STEP3852
STEP3853
STEP3854
STEP3855
STEP3856
STEP3857
STEP3858
STEP3859
STEP3860
STEP3861
STEP3862
STEP3863
STEP3864
STEP3865
STEP3866
STEP3867
STEP3868
STEP3869
STEP3870
STEP3871
STEP3872
STEP3873
STEP3874
STEP3875
STEP3876
STEP3877
STEP3878
STEP3879
STEP3880
STEP3881
STEP3882
STEP3883
STEP3884
STEP3885
STEP3886
STEP3887
STEP3888
STEP3889
STEP3890
STEP3891
STEP3892
STEP3893
STEP3894
STEP3895
STEP3896
STEP3897
STEP3898
STEP3899
STEP3900
STEP3901
STEP3902
STEP3903
STEP3904
STEP3905
STEP3906
STEP3907
STEP3908
STEP3909
STEP3910
STEP3911
STEP3912
STEP3913
STEP3914
STEP3915
STEP3916
STEP3917
STEP3918
STEP3919
STEP3920
STEP3921
STEP3922
STEP3923
STEP3924
STEP3925
STEP3926
STEP3927
STEP3928
STEP3929
STEP3930
STEP3931
STEP3932
STEP3933
STEP3934
STEP3935
STEP3936
STEP3937
STEP3938
STEP3939
STEP3940
STEP3941
STEP3942
STEP3943
STEP3944
STEP3945
STEP3946
STEP3947
STEP3948
STEP3949
STEP3950
STEP3951
STEP3952
STEP3953
STEP3954
STEP3955
STEP3956
STEP3957
STEP3958
STEP3959
STEP3960
STEP3961
STEP3962
STEP3963
STEP3964
STEP3965
STEP3966
STEP3967
STEP3968
STEP3969
STEP3970
STEP3971
STEP3972
STEP3973
STEP3974
STEP3975
STEP3976
STEP3977
STEP3978
STEP3979
STEP3980
STEP3981
STEP3982
STEP3983
STEP3984
STEP3985
STEP3986
STEP3987
STEP3988
STEP3989
STEP3990
STEP3991
STEP3992
STEP3993
STEP3994
STEP3995
STEP3996
STEP3997
STEP3998
STEP3999
STEP4000
STEP4001
STEP4002
STEP4003
STEP4004
STEP4005
STEP4006
STEP4007
STEP4008
STEP4009
STEP4010
STEP4011
STEP4012
STEP4013
STEP4014
STEP4015
STEP4016
STEP4017
STEP4018
STEP4019
STEP4020
STEP4021
STEP4022
STEP4023
STEP4024
STEP4025
STEP4026
STEP4027
STEP4028
STEP4029
STEP4030
STEP4031
STEP4032
STEP4033
STEP4034
STEP4035
STEP4036
STEP4037
STEP4038
STEP4039
STEP4040
STEP4041
STEP4042
STEP4043
STEP4044
STEP4045
STEP4046
STEP4047
STEP4048
STEP4049
STEP4050
STEP4051
STEP4052
STEP4053
STEP4054
STEP4055
STEP4056
STEP4057
STEP4058
STEP4059
STEP4060
STEP4061
STEP4062
STEP4063
STEP4064
STEP4065
STEP4066
STEP4067
STEP4068
STEP4069
STEP4070
STEP4071
STEP4072
STEP4073
STEP4074
STEP4075
STEP4076
STEP4077
STEP4078
STEP4079
STEP4080
STEP4081
STEP4082
STEP4083
STEP4084
STEP4085
STEP4086
STEP4087
STEP4088
STEP4089
STEP4090
STEP4091
STEP4092
STEP4093
STEP4094
STEP4095
STEP4096
STEP4097
STEP4098
STEP4099
STEP4100
STEP4101
STEP4102
STEP4103
STEP4104
STEP4105
STEP4106
STEP4107
STEP4108
STEP4109
STEP4110
STEP4111
STEP4112
STEP4113
STEP4114
STEP4115
STEP4116
STEP4117
STEP4118
STEP4119
STEP4120
STEP4121
STEP4122
STEP4123
STEP4124
STEP4125
STEP4126
STEP4127
STEP4128
STEP4129
STEP4130
STEP4131
STEP4132
STEP4133
STEP4134
STEP4135
STEP4136
STEP4137
STEP4138
STEP4139
STEP4140
STEP4141
STEP4142
STEP4143
STEP4144
STEP4145
STEP4146
STEP4147
STEP4148
STEP4149
STEP4150
STEP4151
STEP4152
STEP4153
STEP4154
STEP4155
STEP4156
STEP4157
STEP4158
STEP4159
STEP4160
STEP4161
STEP4162
STEP4163
STEP4164
STEP4165
STEP4166
STEP4167
STEP4168
STEP4169
STEP4170
STEP4171
STEP4172
STEP4173
STEP4174
STEP4175
STEP4176
STEP4177
STEP4178
STEP4179
STEP4180
STEP4181
STEP4182
STEP4183
STEP4184
STEP4185
STEP4186
STEP4187
STEP4188
STEP4189
STEP4190
STEP4191
STEP4192
STEP4193
STEP4194
STEP4195
STEP4196
STEP4197
STEP4198
STEP4199
STEP4200
STEP4201
STEP4202
STEP4203
STEP4204
STEP4205
STEP4206
STEP4207
STEP4208
STEP4209
STEP4210
STEP4211
STEP4212
STEP4213
STEP4214
STEP4215
STEP4216
STEP4217
STEP4218
STEP4219
STEP4220
STEP4221
STEP4222
STEP4223
STEP4224
STEP4225
STEP4226
STEP4227
STEP4228
STEP4229
STEP4230
STEP4231
STEP4232
STEP4233
STEP4234
STEP4235
STEP4236
STEP4237
STEP4238
STEP4239
STEP4240
STEP4241
STEP4242
STEP4243
STEP4244
STEP4245
STEP4246
STEP4247
STEP4248
STEP4249
STEP4250
STEP4251
STEP4252
STEP4253
STEP4254
STEP4255
STEP4256
STEP4257
STEP4258
STEP4259
STEP4260
STEP4261
STEP4262
STEP4263
STEP4264
STEP4265
STEP4266
STEP4267
STEP4268
STEP4269
STEP4270
STEP4271
STEP4272
STEP4273
STEP4274
STEP4275
STEP4276
STEP4277
STEP4278
STEP4279
STEP4280
STEP4281
STEP4282
STEP4283
STEP4284
STEP4285
STEP4286
STEP4287
STEP4288
STEP4289
STEP4290
STEP4291
STEP4292
STEP4293
STEP4294
STEP4295
STEP4296
STEP4297
STEP4298
STEP4299
STEP4300
STEP4301
STEP4302
STEP4303
STEP4304
STEP4305
STEP4306
STEP4307
STEP4308
STEP4309
STEP4310
STEP4311
STEP4312
STEP4313
STEP4314
STEP4315
STEP4316
STEP4317
STEP4318
STEP4319
STEP4320
STEP4321
STEP4322
STEP4323
STEP4324
STEP4325
STEP4326
STEP4327
STEP4328
STEP4329
STEP4330
STEP4331
STEP4332
STEP4333
STEP4334
STEP4335
STEP4336
STEP4337
STEP4338
STEP4339
STEP4340
STEP4341
STEP4342
STEP4343
STEP4344
STEP4345
STEP4346
STEP4347
STEP4348
STEP4349
STEP4350
STEP4351
STEP4352
STEP4353
STEP4354
STEP4355
STEP4356
STEP4357
STEP4358
STEP4359
STEP4360
STEP4361
STEP4362
STEP4363
STEP4364
STEP4365
STEP4366
STEP4367
STEP4368
STEP4369
STEP4370
STEP4371
STEP4372
STEP4373
STEP4374
STEP4375
STEP4376
STEP4377
STEP4378
STEP4379
STEP4380
STEP4381
STEP4382
STEP4383
STEP4384
STEP4385
STEP4386
STEP4387
STEP4388
STEP4389
STEP4390
STEP4391
STEP4392
STEP4393
STEP4394
STEP4395
STEP4396
STEP4397
STEP4398
STEP4399
STEP4400
STEP4401
STEP4402
STEP4403
STEP4404
STEP4405
STEP4406
STEP4407
STEP4408
STEP4409
STEP4410
STEP4411
STEP4412
STEP4413
STEP4414
STEP4415
STEP4416
STEP4417
STEP4418
STEP4419
STEP4420
STEP4421
STEP4422
STEP4423
STEP4424
STEP4425
STEP4426
STEP4427
STEP4428
STEP4429
STEP4430
STEP4431
STEP4432
STEP4433
STEP4434
STEP4435
STEP4436
STEP4437
STEP4438
STEP4439
STEP4440
STEP4441
STEP4442
STEP4443
STEP4444
STEP4445
STEP4446
STEP4447
STEP4448
STEP4449
STEP4450
STEP4451
STEP4452
STEP4453
STEP4454
STEP4455
STEP4456
STEP4457
STEP4458
STEP4459
STEP4460
STEP4461
STEP4462
STEP4463
STEP4464
STEP4465
STEP4466
STEP4467
STEP4468
STEP4469
STEP4470
STEP4471
STEP4472
STEP4473
STEP4474
STEP4475
STEP4476
STEP4477
STEP4478
STEP4479
STEP4480
STEP4481
STEP4482
STEP4483
STEP4484
STEP4485
STEP4486
STEP4487
STEP4488
STEP4489
STEP4490
STEP4491
STEP4492
STEP4493
STEP4494
STEP4495
STEP4496
STEP4497
STEP4498
STEP4499
STEP4500
STEP4501
STEP4502
STEP4503
STEP4504
STEP4505
STEP4506
STEP4507
STEP4508
STEP4509
STEP4510
STEP4511
STEP4512
STEP4513
STEP4514
STEP4515
STEP4516
STEP4517
STEP4518
STEP4519
STEP4520
STEP4521
STEP4522
STEP4523
STEP4524
STEP4525
STEP4526
STEP4527
STEP4528
STEP4529
STEP4530
STEP4531
STEP4532
STEP4533
STEP4534
STEP4535
STEP4536
STEP4537
STEP4538
STEP4539
STEP4540
STEP4541
STEP4542
STEP4543
STEP4544
STEP4545
STEP4546
STEP4547
STEP4548
STEP4549
STEP4550
STEP4551
STEP4552
STEP4553
STEP4554
STEP4555
STEP4556
STEP4557
STEP4558
STEP4559
STEP4560
STEP4561
STEP4562
STEP4563
STEP4564
STEP4565
STEP4566
STEP4567
STEP4568
STEP4569
STEP4570
STEP4571
STEP4572
STEP4573
STEP4574
STEP4575
STEP4576
STEP4577
STEP4578
STEP4579
STEP4580
STEP4581
STEP4582
STEP4583
STEP4584
STEP4585
STEP4586
STEP4587
STEP4588
STEP4589
STEP4590
STEP4591
STEP4592
STEP4593
STEP4594
STEP4595
STEP4596
STEP4597
STEP4598
STEP4599
STEP4600
STEP4601
STEP4602
STEP4603
STEP4604
STEP4605
STEP4606
STEP4607
STEP4608
STEP4609
STEP4610
STEP4611
STEP4612
STEP4613
STEP4614
STEP4615
STEP4616
STEP4617
STEP4618
STEP4619
STEP4620
STEP4621
STEP4622
STEP4623
STEP4624
STEP4625
STEP4626
STEP4627
STEP4628
STEP4629
STEP4630
STEP4631
STEP4632
STEP4633
STEP4634
STEP4635
STEP4636
STEP4637
STEP4638
STEP4639
STEP4640
STEP4641
STEP4642
STEP4643
STEP4644
STEP4645
STEP4646
STEP4647
STEP4648
STEP4649
STEP4650
STEP4651
STEP4652
STEP4653
STEP4654
STEP4655
STEP4656
STEP4657
STEP4658
STEP4659
STEP4660
STEP4661
STEP4662
STEP4663
STEP4664
STEP4665
STEP4666
STEP4667
STEP4668
STEP4669
STEP4670
STEP4671
STEP4672
STEP4673
STEP4674
STEP4675
STEP4676
STEP4677
STEP4678
STEP4679
STEP4680
STEP4681
STEP4682
STEP4683
STEP4684
STEP4685
STEP4686
STEP4687
STEP4688
STEP4689
STEP4690
STEP4691
STEP4692
STEP4693
STEP4694
STEP4695
STEP4696
STEP4697
STEP4698
STEP4699
STEP4700
STEP4701
STEP4702
STEP4703
STEP4704
STEP4705
STEP4706
STEP4707
STEP4708
STEP4709
STEP4710
STEP4711
STEP4712
STEP4713
STEP4714
STEP4715
STEP4716
STEP4717
STEP4718
STEP4719
STEP4720
STEP4721
STEP4722
STEP4723
STEP4724
STEP4725
STEP4726
STEP4727
STEP4728
STEP4729
STEP4730
STEP4731
STEP4732
STEP4733
STEP4734
STEP4735
STEP4736
STEP4737
STEP4738
STEP4739
STEP4740
STEP4741
STEP4742
STEP4743
STEP4744
STEP4745
STEP4746
STEP4747
STEP4748
STEP4749
STEP4750
STEP4751
STEP4752
STEP4753
STEP4754
STEP4755
STEP4756
STEP4757
STEP4758
STEP4759
STEP4760
STEP4761
STEP4762
STEP4763
STEP4764
STEP4765
STEP4766
STEP4767
STEP4768
STEP4769
STEP4770
STEP4771
STEP4772
STEP4773
STEP4774
STEP4775
STEP4776
STEP4777
STEP4778
STEP4779
STEP4780
STEP4781
STEP4782
STEP4783
STEP4784
STEP4785
STEP4786
STEP4787
STEP4788
STEP4789
STEP4790
STEP4791
STEP4792
STEP4793
STEP4794
STEP4795
STEP4796
STEP4797
STEP4798
STEP4799
STEP4800
STEP4801
STEP4802
STEP4803
STEP4804
STEP4805
STEP4806
STEP4807
STEP4808
STEP4809
STEP4810
STEP4811
STEP4812
STEP4813
STEP4814
STEP4815
STEP4816
STEP4817
STEP4818
STEP4819
STEP4820
STEP4821
STEP4822
STEP4823
STEP4824
STEP4825
STEP4826
STEP4827
STEP4828
STEP4829
STEP4830
STEP4831
STEP4832
STEP4833
STEP4834
STEP4835
STEP4836
STEP4837
STEP4838
STEP4839
STEP4840
STEP4841
STEP4842
STEP4843
STEP4844
STEP4845
STEP4846
STEP4847
STEP4848
STEP4849
STEP4850
STEP4851
STEP4852
STEP4853
STEP4854
STEP4855
STEP4856
STEP4857
STEP4858
STEP4859
STEP4860
STEP4861
STEP4862
STEP4863
STEP4864
STEP4865
STEP4866
STEP4867
STEP4868
STEP4869
STEP4870
STEP4871
STEP4872
STEP4873
STEP4874
STEP4875
STEP4876
STEP4877
STEP4878
STEP4879
STEP4880
STEP4881
STEP4882
STEP4883
STEP4884
STEP4885
STEP4886
STEP4887
STEP4888
STEP4889
STEP4890
STEP4891
STEP4892
STEP4893
STEP4894
STEP4895
STEP4896
STEP4897
STEP4898
STEP4899
STEP4900
STEP4901
STEP4902
STEP4903
STEP4904
STEP4905
STEP4906
STEP4907
STEP4908
STEP4909
STEP4910
STEP4911
STEP4912
STEP4913
STEP4914
STEP4915
STEP4916
STEP4917
STEP4918
STEP4919
STEP4920
STEP4921
STEP4922
STEP4923
STEP4924
STEP4925
STEP4926
STEP4927
STEP4928
STEP4929
STEP4930
STEP4931
STEP4932
STEP4933
STEP4934
STEP4935
STEP4936
STEP4937
STEP4938
STEP4939
STEP4940
STEP4941
STEP4942
STEP4943
STEP4944
STEP4945
STEP4946
STEP4947
STEP4948
STEP4949
STEP4950
STEP4951
STEP4952
STEP4953
STEP4954
STEP4955
STEP4956
STEP4957
STEP4958
STEP4959
STEP4960
STEP4961
STEP4962
STEP4963
STEP4964
STEP4965
STEP4966
STEP4967
STEP4968
STEP4969
STEP4970
STEP4971
STEP4972
STEP4973
STEP4974
STEP4975
STEP4976
STEP4977
STEP4978
STEP4979
STEP4980
STEP4981
STEP4982
STEP4983
STEP4984
STEP4985
STEP4986
STEP4987
STEP4988
STEP4989
STEP4990
STEP4991
STEP4992
STEP4993
STEP4994
STEP4995
STEP4996
STEP4997
STEP4998
STEP4999
STEP5000
STEP5001
STEP5002
STEP5003
STEP5004
STEP5005
STEP5006
STEP5007
STEP5008
STEP5009
STEP5010
STEP5011
STEP5012
STEP5013
STEP5014
STEP5015
STEP5016
STEP5017
STEP5018
STEP5019
STEP5020
STEP5021
STEP5022
STEP5023
STEP5024
STEP5025
STEP5026
STEP5027
STEP5028
STEP5029
STEP5030
STEP5031
STEP5032
STEP5033
STEP5034
STEP5035
STEP5036
STEP5037
STEP5038
STEP5039
STEP5040
STEP5041
STEP5042
STEP5043
STEP5044
STEP5045
STEP5046
STEP5047
STEP5048
STEP5049
STEP5050
STEP5051
STEP5052
STEP5053
STEP5054
STEP5055
STEP5056
STEP5057
STEP5058
STEP5059
STEP5060
STEP5061
STEP5062
STEP5063
STEP5064
STEP5065
STEP5066
STEP5067
STEP5068
STEP5069
STEP5070
STEP5071
STEP5072
STEP5073
STEP5074
STEP5075
STEP5076
STEP5077
STEP5078
STEP5079
STEP5080
STEP5081
STEP5082
STEP5083
STEP5084
STEP5085
STEP5086
STEP5087
STEP5088
STEP5089
STEP5090
STEP5091
STEP5092
STEP5093
STEP5094
STEP5095
STEP5096
STEP5097
STEP5098
STEP5099
STEP5100
STEP5101
STEP5102
STEP5103
STEP5104
STEP5105
STEP5106
STEP5107
STEP5108
STEP5109
STEP5110
STEP5111
STEP5112
STEP5113
STEP5114
STEP5115
STEP5116
STEP5117
STEP5118
STEP5119
STEP5120
STEP5121
STEP5122
STEP5123
STEP5124
STEP5125
STEP5126
STEP5127
STEP5128
STEP5129
STEP5130
STEP5131
STEP5132
STEP5133
STEP5134
STEP5135
STEP5136
STEP5137
STEP5138
STEP5139
STEP5140
STEP5141
STEP5142
STEP5143
STEP5144
STEP5145
STEP5146
STEP5147
STEP5148
STEP5149
STEP5150
STEP5151
STEP5152
STEP5153
STEP5154
STEP5155
STEP5156
STEP5157
STEP5158
STEP5159
STEP5160
STEP5161
STEP5162
STEP5163
STEP5164
STEP5165
STEP5166
STEP5167
STEP5168
STEP5169
STEP5170
STEP5171
STEP5172
STEP5173
STEP5174
STEP5175
STEP5176
STEP5177
STEP5178
STEP5179
STEP5180
STEP5181
STEP5182
STEP5183
STEP5184
STEP5185
STEP5186
STEP5187
STEP5188
STEP5189
STEP5190
STEP5191
STEP5192
STEP5193
STEP5194
STEP5195
STEP5196
STEP5197
STEP5198
STEP5199
STEP5200
STEP5201
STEP5202
STEP5203
STEP5204
STEP5205
STEP5206
STEP5207
STEP5208
STEP5209
STEP5210
STEP5211
STEP5212
STEP5213
STEP5214
STEP5215
STEP5216
STEP5217
STEP5218
STEP5219
STEP5220
STEP5221
STEP5222
STEP5223
STEP5224
STEP5225
STEP5226
STEP5227
STEP5228
STEP5229
STEP5230
STEP5231
STEP5232
STEP5233
STEP5234
STEP5235
STEP5236
STEP5237
STEP5238
STEP5239
STEP5240
STEP5241
STEP5242
STEP5243
STEP5244
STEP5245
STEP5246
STEP5247
STEP5248
STEP5249
STEP5250
STEP5251
STEP5252
STEP5253
STEP5254
STEP5255
STEP5256
STEP5257
STEP5258
STEP5259
STEP5260
STEP5261
STEP5262
STEP5263
STEP5264
STEP5265
STEP5266
STEP5267
STEP5268
STEP5269
STEP5270
STEP5271
STEP5272
STEP5273
STEP5274
STEP5275
STEP5276
STEP5277
STEP5278
STEP5279
STEP5280
STEP5281
STEP5282
STEP5283
STEP5284
STEP5285
STEP5286
STEP5287
STEP5288
STEP5289
STEP5290
STEP5291
STEP5292
STEP5293
STEP5294
STEP5295
STEP5296
STEP5297
STEP5298
STEP5299
STEP5300
STEP5301
STEP5302
STEP5303
STEP5304
STEP5305
STEP5306
STEP5307
STEP5308
STEP5309
STEP5310
STEP5311
STEP5312
STEP5313
STEP5314
STEP5315
STEP5316
STEP5317
STEP5318
STEP5319
STEP5320
STEP5321
STEP5322
STEP5323
STEP5324
STEP5325
STEP5326
STEP5327
STEP5328
STEP5329
STEP5330
STEP5331
STEP5332
STEP5333
STEP5334
STEP5335
STEP5336
STEP5337
STEP5338
STEP5339
STEP5340
STEP5341
STEP5342
STEP5343
STEP5344
STEP5345
STEP5346
STEP5347
STEP5348
STEP5349
STEP5350
STEP5351
STEP5352
STEP5353
STEP5354
STEP5355
STEP5356
STEP5357
STEP5358
STEP5359
STEP5360
STEP5361
STEP5362
STEP5363
STEP5364
STEP5365
STEP5366
STEP5367
STEP5368
STEP5369
STEP5370
STEP5371
STEP5372
STEP5373
STEP5374
STEP5375
STEP5376
STEP5377
STEP5378
STEP5379
STEP5380
STEP5381
STEP5382
STEP5383
STEP5384
STEP5385
STEP5386
STEP5387
STEP5388
STEP5389
STEP5390
STEP5391
STEP5392
STEP5393
STEP5394
STEP5395
STEP5396
STEP5397
STEP5398
STEP5399
STEP5400
STEP5401
STEP5402
STEP5403
STEP5404
STEP5405
STEP5406
STEP5407
STEP5408
STEP5409
STEP5410
STEP5411
STEP5412
STEP5413
STEP5414
STEP5415
STEP5416
STEP5417
STEP5418
STEP5419
STEP5420
STEP5421
STEP5422
STEP5423
STEP5424
STEP5425
STEP5426
STEP5427
STEP5428
STEP5429
STEP5430
STEP5431
STEP5432
STEP5433
STEP5434
STEP5435
STEP5436
STEP5437
STEP5438
STEP5439
STEP5440
STEP5441
STEP5442
STEP5443
STEP5444
STEP5445
STEP5446
STEP5447
STEP5448
STEP5449
STEP5450
STEP5451
STEP5452
STEP5453
STEP5454
STEP5455
STEP5456
STEP5457
STEP5458
STEP5459
STEP5460
STEP5461
STEP5462
STEP5463
STEP5464
STEP5465
STEP5466
STEP5467
STEP5468
STEP5469
STEP5470
STEP5471
STEP5472
STEP5473
STEP5474
STEP5475
STEP5476
STEP5477
STEP5478
STEP5479
STEP5480
STEP5481
STEP5482
STEP5483
STEP5484
STEP5485
STEP5486
STEP5487
STEP5488
STEP5489
STEP5490
STEP5491
STEP5492
STEP5493
STEP5494
STEP5495
STEP5496
STEP5497
STEP5498
STEP5499
STEP5500
STEP5501
STEP5502
STEP5503
STEP5504
STEP5505
STEP5506
STEP5507
STEP5508
STEP5509
STEP5510
STEP5511
STEP5512
STEP5513
STEP5514
STEP5515
STEP5516
STEP5517
STEP5518
STEP5519
STEP5520
STEP5521
STEP5522
STEP5523
STEP5524
STEP5525
STEP5526
STEP5527
STEP5528
STEP5529
STEP5530
STEP5531
STEP5532
STEP5533
STEP5534
STEP5535
STEP5536
STEP5537
STEP5538
STEP5539
STEP5540
STEP5541
STEP5542
STEP5543
STEP5544
STEP5545
STEP5546
STEP5547
STEP5548
STEP5549
STEP5550
STEP5551
STEP5552
STEP5553
STEP5554
STEP5555
STEP5556
STEP5557
STEP5558
STEP5559
STEP5560
STEP5561
STEP5562
STEP5563
STEP5564
STEP5565
STEP5566
STEP5567
STEP5568
STEP5569
STEP5570
STEP5571
STEP5572
STEP5573
STEP5574
STEP5575
STEP5576
STEP5577
STEP5578
STEP5579
STEP5580
STEP5581
STEP5582
STEP5583
STEP5584
STEP5585
STEP5586
STEP5587
STEP5588
STEP5589
STEP5590
STEP5591
STEP5592
STEP5593
STEP5594
STEP5595
STEP5596
STEP5597
STEP5598
STEP5599
STEP5600
STEP5601
STEP5602
STEP5603
STEP5604
STEP5605
STEP5606
STEP5607
STEP5608
STEP5609
STEP5610
STEP5611
STEP5612
STEP5613
STEP5614
STEP5615
STEP5616
STEP5617
STEP5618
STEP5619
STEP5620
STEP5621
STEP5622
STEP5623
STEP5624
STEP5625
STEP5626
STEP5627
STEP5628
STEP5629
STEP5630
STEP5631
STEP5632
STEP5633
STEP5634
STEP5635
STEP5636
STEP5637
STEP5638
STEP5639
STEP5640
STEP5641
STEP5642
STEP5643
STEP5644
STEP5645
STEP5646
STEP5647
STEP5648
STEP5649
STEP5650
STEP5651
STEP5652
STEP5653
STEP5654
STEP5655
STEP5656
STEP5657
STEP5658
STEP5659
STEP5660
STEP5661
STEP5662
STEP5663
STEP5664
STEP5665
STEP5666
STEP5667
STEP5668
STEP5669
STEP5670
STEP5671
STEP5672
STEP5673
STEP5674
STEP5675
STEP5676
STEP5677
STEP5678
STEP5679
STEP5680
STEP5681
STEP5682
STEP5683
STEP5684]]>
  </system-out>
  <testcase classname="commonMethods.Testcases" name="ComprehensiveTesting" time="9956.313">
    <error type="atu.testng.reports.exceptions.ATUReporterStepFailedException">
      <![CDATA[[ATU Custom Reporter Step Failed Exception]
at atu.testng.reports.listeners.ATUReportsListener.onTestSuccess(ATUReportsListener.java:79)
at org.testng.internal.TestListenerHelper.runTestListeners(TestListenerHelper.java:100)
at org.testng.internal.TestInvoker.runTestResultListener(TestInvoker.java:219)
at org.testng.internal.TestInvoker.invokeMethod(TestInvoker.java:656)
at org.testng.internal.TestInvoker.invokeTestMethod(TestInvoker.java:173)
at org.testng.internal.MethodRunner.runInSequence(MethodRunner.java:46)
at org.testng.internal.TestInvoker$MethodInvocationAgent.invoke(TestInvoker.java:824)
at org.testng.internal.TestInvoker.invokeTestMethods(TestInvoker.java:146)
at org.testng.internal.TestMethodWorker.invokeTestMethods(TestMethodWorker.java:146)
at org.testng.internal.TestMethodWorker.run(TestMethodWorker.java:128)
at java.base/java.util.ArrayList.forEach(ArrayList.java:1596)
at org.testng.TestRunner.privateRun(TestRunner.java:794)
at org.testng.TestRunner.run(TestRunner.java:596)
at org.testng.SuiteRunner.runTest(SuiteRunner.java:377)
at org.testng.SuiteRunner.runSequentially(SuiteRunner.java:371)
at org.testng.SuiteRunner.privateRun(SuiteRunner.java:332)
at org.testng.SuiteRunner.run(SuiteRunner.java:276)
at org.testng.SuiteRunnerWorker.runSuite(SuiteRunnerWorker.java:53)
at org.testng.SuiteRunnerWorker.run(SuiteRunnerWorker.java:96)
at org.testng.TestNG.runSuitesSequentially(TestNG.java:1212)
at org.testng.TestNG.runSuitesLocally(TestNG.java:1134)
at org.testng.TestNG.runSuites(TestNG.java:1063)
at org.testng.TestNG.run(TestNG.java:1031)
at org.testng.remote.AbstractRemoteTestNG.run(AbstractRemoteTestNG.java:115)
at org.testng.remote.RemoteTestNG.initAndRun(RemoteTestNG.java:293)
at org.testng.remote.RemoteTestNG.main(RemoteTestNG.java:91)
]]>
    </error>
  </testcase> <!-- ComprehensiveTesting -->
  <system-out>
    <![CDATA[STEP5685
STEP5686
STEP5687
STEP5688
STEP5689
STEP5690
STEP5691
STEP5692
STEP5693
STEP5694
STEP5695
STEP5696
STEP5697
STEP5698
STEP5699
STEP5700
STEP5701
STEP5702
STEP5703
STEP5704
STEP5705
STEP5706
STEP5707
STEP5708
STEP5709
STEP5710
STEP5711
STEP5712
STEP5713
STEP5714
STEP5715
STEP5716
STEP5717
STEP5718
STEP5719
STEP5720
STEP5721
STEP5722
STEP5723
STEP5724
STEP5725
STEP5726
STEP5727
STEP5728
STEP5729
STEP5730
STEP5731
STEP5732
STEP5733
STEP5734
STEP5735
STEP5736
STEP5737
STEP5738
STEP5739
STEP5740
STEP5741
STEP5742
STEP5743
STEP5744
STEP5745
STEP5746
STEP5747
STEP5748
STEP5749
STEP5750
STEP5751
STEP5752
STEP5753
STEP5754
STEP5755
STEP5756
STEP5757
STEP5758
STEP5759
STEP5760
STEP5761
STEP5762
STEP5763
STEP5764
STEP5765
STEP5766
STEP5767
STEP5768
STEP5769
STEP5770
STEP5771
STEP5772
STEP5773
STEP5774
STEP5775
STEP5776
STEP5777
STEP5778
STEP5779
STEP5780
STEP5781
STEP5782
STEP5783
STEP5784
STEP5785
STEP5786
STEP5787
STEP5788
STEP5789
STEP5790
STEP5791
STEP5792
STEP5793
STEP5794
STEP5795
STEP5796
STEP5797
STEP5798
STEP5799
STEP5800
STEP5801
STEP5802
STEP5803
STEP5804
STEP5805
STEP5806
STEP5807
STEP5808
STEP5809
STEP5810
STEP5811
STEP5812
STEP5813
STEP5814
STEP5815
STEP5816
STEP5817
STEP5818
STEP5819
STEP5820
STEP5821
STEP5822
STEP5823
STEP5824
STEP5825
STEP5826
STEP5827
STEP5828
STEP5829
STEP5830
STEP5831
STEP5832
STEP5833
STEP5834
STEP5835
STEP5836
STEP5837
STEP5838
STEP5839
STEP5840
STEP5841
STEP5842
STEP5843
STEP5844
STEP5845
STEP5846
STEP5847
STEP5848
STEP5849
STEP5850
STEP5851
STEP5852
STEP5853
STEP5854
STEP5855
STEP5856
STEP5857
STEP5858
STEP5859
STEP5860
STEP5861
STEP5862
STEP5863
STEP5864
STEP5865
STEP5866
STEP5867
STEP5868
STEP5869
STEP5870
STEP5871
STEP5872
STEP5873
STEP5874
STEP5875
STEP5876
STEP5877
STEP5878
STEP5879
STEP5880
STEP5881
STEP5882
STEP5883
STEP5884
STEP5885
STEP5886
STEP5887
STEP5888
STEP5889
STEP5890
STEP5891
STEP5892
STEP5893
STEP5894
STEP5895
STEP5896
STEP5897
STEP5898
STEP5899
STEP5900
STEP5901
STEP5902
STEP5903
STEP5904
STEP5905
STEP5906
STEP5907
STEP5908
STEP5909
STEP5910
STEP5911
STEP5912
STEP5913
STEP5914
STEP5915
STEP5916
STEP5917
STEP5918
STEP5919
STEP5920
STEP5921
STEP5922
STEP5923
STEP5924
STEP5925
STEP5926
STEP5927
STEP5928
STEP5929
STEP5930
STEP5931
STEP5932
STEP5933
STEP5934
STEP5935
STEP5936
STEP5937
STEP5938
STEP5939
STEP5940
STEP5941
STEP5942
STEP5943
STEP5944
STEP5945
STEP5946
STEP5947
STEP5948
STEP5949
STEP5950
STEP5951
STEP5952
STEP5953
STEP5954
STEP5955
STEP5956
STEP5957
STEP5958
STEP5959
STEP5960
STEP5961
STEP5962
STEP5963
STEP5964
STEP5965
STEP5966
STEP5967
STEP5968
STEP5969
STEP5970
STEP5971
STEP5972
STEP5973
STEP5974
STEP5975
STEP5976
STEP5977
STEP5978
STEP5979
STEP5980
STEP5981
STEP5982
STEP5983
STEP5984
STEP5985
STEP5986
STEP5987
STEP5988
STEP5989
STEP5990
STEP5991
STEP5992
STEP5993
STEP5994
STEP5995
STEP5996
STEP5997
STEP5998
STEP5999
STEP6000
STEP6001
STEP6002
STEP6003
STEP6004
STEP6005
STEP6006
STEP6007
STEP6008
STEP6009
STEP6010
STEP6011
STEP6012
STEP6013
STEP6014
STEP6015
STEP6016
STEP6017
STEP6018
STEP6019
STEP6020
STEP6021
STEP6022
STEP6023
STEP6024
STEP6025
STEP6026
STEP6027
STEP6028
STEP6029
STEP6030
STEP6031
STEP6032
STEP6033
STEP6034
STEP6035
STEP6036
STEP6037
STEP6038
STEP6039
STEP6040
STEP6041
STEP6042
STEP6043
STEP6044
STEP6045
STEP6046
STEP6047
STEP6048
STEP6049
STEP6050
STEP6051
STEP6052
STEP6053
STEP6054
STEP6055
STEP6056
STEP6057
STEP6058
STEP6059
STEP6060
STEP6061
STEP6062
STEP6063
STEP6064
STEP6065
STEP6066
STEP6067
STEP6068
STEP6069
STEP6070
STEP6071
STEP6072
STEP6073
STEP6074
STEP6075
STEP6076
STEP6077
STEP6078
STEP6079
STEP6080
STEP6081
STEP6082
STEP6083
STEP6084
STEP6085
STEP6086
STEP6087
STEP6088
STEP6089
STEP6090
STEP6091
STEP6092
STEP6093
STEP6094
STEP6095
STEP6096
STEP6097
STEP6098
STEP6099
STEP6100
STEP6101
STEP6102
STEP6103
STEP6104
STEP6105
STEP6106
STEP6107
STEP6108
STEP6109
STEP6110
STEP6111
STEP6112
STEP6113
STEP6114
STEP6115
STEP6116
STEP6117
STEP6118
STEP6119
STEP6120
STEP6121
STEP6122
STEP6123
STEP6124
STEP6125
STEP6126
STEP6127
STEP6128
STEP6129
STEP6130
STEP6131
STEP6132
STEP6133
STEP6134
STEP6135
STEP6136
STEP6137
STEP6138
STEP6139
STEP6140
STEP6141
STEP6142
STEP6143
STEP6144
STEP6145
STEP6146
STEP6147
STEP6148
STEP6149
STEP6150
STEP6151
STEP6152
STEP6153
STEP6154
STEP6155
STEP6156
STEP6157
STEP6158
STEP6159
STEP6160
STEP6161
STEP6162
STEP6163
STEP6164
STEP6165
STEP6166
STEP6167
STEP6168
STEP6169
STEP6170
STEP6171
STEP6172
STEP6173
STEP6174
STEP6175
STEP6176
STEP6177
STEP6178
STEP6179
STEP6180
STEP6181
STEP6182
STEP6183
STEP6184
STEP6185
STEP6186
STEP6187
STEP6188
STEP6189
STEP6190
STEP6191
STEP6192
STEP6193
STEP6194
STEP6195
STEP6196
STEP6197
STEP6198
STEP6199
STEP6200
STEP6201
STEP6202
STEP6203
STEP6204
STEP6205
STEP6206
STEP6207
STEP6208
STEP6209
STEP6210
STEP6211
STEP6212
STEP6213
STEP6214
STEP6215
STEP6216
STEP6217
STEP6218
STEP6219
STEP6220
STEP6221
STEP6222
STEP6223
STEP6224
STEP6225
STEP6226
STEP6227
STEP6228
STEP6229
STEP6230
STEP6231
STEP6232
STEP6233
STEP6234
STEP6235
STEP6236
STEP6237
STEP6238
STEP6239
STEP6240
STEP6241
STEP6242
STEP6243
STEP6244
STEP6245
STEP6246
STEP6247
STEP6248
STEP6249
STEP6250
STEP6251
STEP6252
STEP6253
STEP6254
STEP6255
STEP6256
STEP6257
STEP6258
STEP6259
STEP6260
STEP6261
STEP6262
STEP6263
STEP6264
STEP6265
STEP6266
STEP6267
STEP6268
STEP6269
STEP6270
STEP6271
STEP6272
STEP6273
STEP6274
STEP6275
STEP6276
STEP6277
STEP6278
STEP6279
STEP6280
STEP6281
STEP6282
STEP6283
STEP6284
STEP6285
STEP6286
STEP6287
STEP6288
STEP6289
STEP6290
STEP6291
STEP6292
STEP6293
STEP6294
STEP6295
STEP6296
STEP6297
STEP6298
STEP6299
STEP6300
STEP6301
STEP6302
STEP6303
STEP6304
STEP6305
STEP6306
STEP6307
STEP6308
STEP6309
STEP6310
STEP6311
STEP6312
STEP6313
STEP6314
STEP6315
STEP6316
STEP6317
STEP6318
STEP6319
STEP6320
STEP6321
STEP6322
STEP6323
STEP6324
STEP6325
STEP6326
STEP6327
STEP6328
STEP6329
STEP6330
STEP6331
STEP6332
STEP6333
STEP6334
STEP6335
STEP6336
STEP6337
STEP6338
STEP6339
STEP6340
STEP6341
STEP6342
STEP6343
STEP6344
STEP6345
STEP6346
STEP6347
STEP6348
STEP6349
STEP6350
STEP6351
STEP6352
STEP6353
STEP6354
STEP6355
STEP6356
STEP6357
STEP6358
STEP6359
STEP6360
STEP6361
STEP6362
STEP6363
STEP6364
STEP6365
STEP6366
STEP6367
STEP6368
STEP6369
STEP6370
STEP6371
STEP6372
STEP6373
STEP6374
STEP6375
STEP6376
STEP6377
STEP6378
STEP6379
STEP6380
STEP6381
STEP6382
STEP6383
STEP6384
STEP6385
STEP6386
STEP6387
STEP6388
STEP6389
STEP6390
STEP6391
STEP6392
STEP6393
STEP6394
STEP6395
STEP6396
STEP6397
STEP6398
STEP6399
STEP6400
STEP6401
STEP6402
STEP6403
STEP6404
STEP6405
STEP6406
STEP6407
STEP6408
STEP6409
STEP6410
STEP6411
STEP6412
STEP6413
STEP6414
STEP6415
STEP6416
STEP6417
STEP6418
STEP6419
STEP6420
STEP6421
STEP6422
STEP6423
STEP6424
STEP6425
STEP6426
STEP6427
STEP6428
STEP6429
STEP6430
STEP6431
STEP6432
STEP6433
STEP6434
STEP6435
STEP6436
STEP6437
STEP6438
STEP6439
STEP6440
STEP6441
STEP6442
STEP6443
STEP6444
STEP6445
STEP6446
STEP6447
STEP6448
STEP6449
STEP6450
STEP6451
STEP6452
STEP6453
STEP6454
STEP6455
STEP6456
STEP6457
STEP6458
STEP6459
STEP6460
STEP6461
STEP6462
STEP6463
STEP6464
STEP6465
STEP6466
STEP6467
STEP6468
STEP6469
STEP6470
STEP6471
STEP6472
STEP6473
STEP6474
STEP6475
STEP6476
STEP6477
STEP6478
STEP6479
STEP6480
STEP6481
STEP6482
STEP6483
STEP6484
STEP6485
STEP6486
STEP6487
STEP6488
STEP6489
STEP6490
STEP6491
STEP6492
STEP6493
STEP6494
STEP6495
STEP6496
STEP6497
STEP6498
STEP6499
STEP6500
STEP6501
STEP6502
STEP6503
STEP6504
STEP6505
STEP6506
STEP6507
STEP6508
STEP6509
STEP6510
STEP6511
STEP6512
STEP6513
STEP6514
STEP6515
STEP6516
STEP6517
STEP6518
STEP6519
STEP6520
STEP6521
STEP6522
STEP6523
STEP6524
STEP6525
STEP6526
STEP6527
STEP6528
STEP6529
STEP6530
STEP6531
STEP6532
STEP6533
STEP6534
STEP6535
STEP6536
STEP6537
STEP6538
STEP6539
STEP6540
STEP6541
STEP6542
STEP6543
STEP6544
STEP6545
STEP6546
STEP6547
STEP6548
STEP6549
STEP6550
STEP6551
STEP6552
STEP6553
STEP6554
STEP6555
STEP6556
STEP6557
STEP6558
STEP6559
STEP6560
STEP6561
STEP6562
STEP6563
STEP6564
STEP6565
STEP6566
STEP6567
STEP6568
STEP6569
STEP6570
STEP6571
STEP6572
STEP6573
STEP6574
STEP6575
STEP6576
STEP6577
STEP6578
STEP6579
STEP6580
STEP6581
STEP6582
STEP6583
STEP6584
STEP6585
STEP6586
STEP6587
STEP6588
STEP6589
STEP6590
STEP6591
STEP6592
STEP6593
STEP6594
STEP6595
STEP6596
STEP6597
STEP6598
STEP6599
STEP6600
STEP6601
STEP6602
STEP6603
STEP6604
STEP6605
STEP6606
STEP6607
STEP6608
STEP6609
STEP6610
STEP6611
STEP6612
STEP6613
STEP6614
STEP6615
STEP6616
STEP6617
STEP6618
STEP6619
STEP6620
STEP6621
STEP6622
STEP6623
STEP6624
STEP6625
STEP6626
STEP6627
STEP6628
STEP6629
STEP6630
STEP6631
STEP6632
STEP6633
STEP6634
STEP6635
STEP6636
STEP6637
STEP6638
STEP6639
STEP6640
STEP6641
STEP6642
STEP6643
STEP6644
STEP6645
STEP6646
STEP6647
STEP6648
STEP6649
STEP6650
STEP6651
STEP6652
STEP6653
STEP6654
STEP6655
STEP6656
STEP6657
STEP6658
STEP6659
STEP6660
STEP6661
STEP6662
STEP6663
STEP6664
STEP6665
STEP6666
STEP6667
STEP6668
STEP6669
STEP6670
STEP6671
STEP6672
STEP6673
STEP6674
STEP6675
STEP6676
STEP6677
STEP6678
STEP6679
STEP6680
STEP6681
STEP6682
STEP6683
STEP6684
STEP6685
STEP6686
STEP6687
STEP6688
STEP6689
STEP6690
STEP6691
STEP6692
STEP6693
STEP6694
STEP6695
STEP6696
STEP6697
STEP6698
STEP6699
STEP6700
STEP6701
STEP6702
STEP6703
STEP6704
STEP6705
STEP6706
STEP6707
STEP6708
STEP6709
STEP6710
STEP6711
STEP6712
STEP6713
STEP6714
STEP6715
STEP6716
STEP6717
STEP6718
STEP6719
STEP6720
STEP6721
STEP6722
STEP6723
STEP6724
STEP6725
STEP6726
STEP6727
STEP6728
STEP6729
STEP6730
STEP6731
STEP6732
STEP6733
STEP6734
STEP6735
STEP6736
STEP6737
STEP6738
STEP6739
STEP6740
STEP6741
STEP6742
STEP6743
STEP6744
STEP6745
STEP6746
STEP6747
STEP6748
STEP6749
STEP6750
STEP6751
STEP6752
STEP6753
STEP6754
STEP6755
STEP6756
STEP6757
STEP6758
STEP6759
STEP6760
STEP6761
STEP6762
STEP6763
STEP6764
STEP6765
STEP6766
STEP6767
STEP6768
STEP6769
STEP6770
STEP6771
STEP6772
STEP6773
STEP6774
STEP6775
STEP6776
STEP6777
STEP6778
STEP6779
STEP6780
STEP6781
STEP6782
STEP6783
STEP6784
STEP6785
STEP6786
STEP6787
STEP6788
STEP6789
STEP6790
STEP6791
STEP6792
STEP6793
STEP6794
STEP6795
STEP6796
STEP6797
STEP6798
STEP6799
STEP6800
STEP6801
STEP6802
STEP6803
STEP6804
STEP6805
STEP6806
STEP6807
STEP6808
STEP6809
STEP6810
STEP6811
STEP6812
STEP6813
STEP6814
STEP6815
STEP6816
STEP6817
STEP6818
STEP6819
STEP6820
STEP6821
STEP6822
STEP6823
STEP6824
STEP6825
STEP6826
STEP6827
STEP6828
STEP6829
STEP6830
STEP6831
STEP6832
STEP6833
STEP6834
STEP6835
STEP6836
STEP6837
STEP6838
STEP6839
STEP6840
STEP6841
STEP6842
STEP6843
STEP6844
STEP6845
STEP6846
STEP6847
STEP6848
STEP6849
STEP6850
STEP6851
STEP6852
STEP6853
STEP6854
STEP6855
STEP6856
STEP6857
STEP6858
STEP6859
STEP6860
STEP6861
STEP6862
STEP6863
STEP6864
STEP6865
STEP6866
STEP6867
STEP6868
STEP6869
STEP6870
STEP6871
STEP6872
STEP6873
STEP6874
STEP6875
STEP6876
STEP6877
STEP6878
STEP6879
STEP6880
STEP6881
STEP6882
STEP6883
STEP6884
STEP6885
STEP6886
STEP6887
STEP6888
STEP6889
STEP6890
STEP6891
STEP6892
STEP6893
STEP6894
STEP6895
STEP6896
STEP6897
STEP6898
STEP6899
STEP6900
STEP6901
STEP6902
STEP6903
STEP6904
STEP6905
STEP6906
STEP6907
STEP6908
STEP6909
STEP6910
STEP6911
STEP6912
STEP6913
STEP6914
STEP6915
STEP6916
STEP6917
STEP6918
STEP6919
STEP6920
STEP6921
STEP6922
STEP6923
STEP6924
STEP6925
STEP6926
STEP6927
STEP6928
STEP6929
STEP6930
STEP6931
STEP6932
STEP6933
STEP6934
STEP6935
STEP6936
STEP6937
STEP6938
STEP6939
STEP6940
STEP6941
STEP6942
STEP6943
STEP6944
STEP6945
STEP6946
STEP6947
STEP6948
STEP6949
STEP6950
STEP6951
STEP6952
STEP6953
STEP6954
STEP6955
STEP6956
STEP6957
STEP6958
STEP6959
STEP6960
STEP6961
STEP6962
STEP6963
STEP6964
STEP6965
STEP6966
STEP6967
STEP6968
STEP6969
STEP6970
STEP6971
STEP6972
STEP6973
STEP6974
STEP6975
STEP6976
STEP6977
STEP6978
STEP6979
STEP6980
STEP6981
STEP6982
STEP6983
STEP6984
STEP6985
STEP6986
STEP6987
STEP6988
STEP6989
STEP6990
STEP6991
STEP6992
STEP6993
STEP6994
STEP6995
STEP6996
STEP6997
STEP6998
STEP6999
STEP7000
STEP7001
STEP7002
STEP7003
STEP7004
STEP7005
STEP7006
STEP7007
STEP7008
STEP7009
STEP7010
STEP7011
STEP7012
STEP7013
STEP7014
STEP7015
STEP7016
STEP7017
STEP7018
STEP7019
STEP7020
STEP7021
STEP7022
STEP7023
STEP7024
STEP7025
STEP7026
STEP7027
STEP7028
STEP7029
STEP7030
STEP7031
STEP7032
STEP7033
STEP7034
STEP7035
STEP7036
STEP7037
STEP7038
STEP7039
STEP7040
STEP7041
STEP7042
STEP7043
STEP7044
STEP7045
STEP7046
STEP7047
STEP7048
STEP7049
STEP7050
STEP7051
STEP7052
STEP7053
STEP7054
STEP7055
STEP7056
STEP7057
STEP7058
STEP7059
STEP7060
STEP7061
STEP7062
STEP7063
STEP7064
STEP7065
STEP7066
STEP7067
STEP7068
STEP7069
STEP7070
STEP7071
STEP7072
STEP7073
STEP7074
STEP7075
STEP7076
STEP7077
STEP7078
STEP7079
STEP7080
STEP7081
STEP7082
STEP7083
STEP7084
STEP7085
STEP7086
STEP7087
STEP7088
STEP7089
STEP7090
STEP7091
STEP7092
STEP7093
STEP7094
STEP7095
STEP7096
STEP7097
STEP7098
STEP7099
STEP7100
STEP7101
STEP7102
STEP7103
STEP7104
STEP7105
STEP7106
STEP7107
STEP7108
STEP7109
STEP7110
STEP7111
STEP7112
STEP7113
STEP7114
STEP7115
STEP7116
STEP7117
STEP7118
STEP7119
STEP7120
STEP7121
STEP7122
STEP7123
STEP7124
STEP7125
STEP7126
STEP7127
STEP7128
STEP7129
STEP7130
STEP7131
STEP7132
STEP7133
STEP7134
STEP7135
STEP7136
STEP7137
STEP7138
STEP7139
STEP7140
STEP7141
STEP7142
STEP7143
STEP7144
STEP7145
STEP7146
STEP7147
STEP7148
STEP7149
STEP7150
STEP7151
STEP7152
STEP7153
STEP7154
STEP7155
STEP7156
STEP7157
STEP7158
STEP7159
STEP7160
STEP7161
STEP7162
STEP7163
STEP7164
STEP7165
STEP7166
STEP7167
STEP7168
STEP7169
STEP7170
STEP7171
STEP7172
STEP7173
STEP7174
STEP7175
STEP7176
STEP7177
STEP7178
STEP7179
STEP7180
STEP7181
STEP7182
STEP7183
STEP7184
STEP7185
STEP7186
STEP7187
STEP7188
STEP7189
STEP7190
STEP7191
STEP7192
STEP7193
STEP7194
STEP7195
STEP7196
STEP7197
STEP7198
STEP7199
STEP7200
STEP7201
STEP7202
STEP7203
STEP7204
STEP7205
STEP7206
STEP7207
STEP7208
STEP7209
STEP7210
STEP7211
STEP7212
STEP7213
STEP7214
STEP7215
STEP7216
STEP7217
STEP7218
STEP7219
STEP7220
STEP7221
STEP7222
STEP7223
STEP7224
STEP7225
STEP7226
STEP7227
STEP7228
STEP7229
STEP7230
STEP7231
STEP7232
STEP7233
STEP7234
STEP7235
STEP7236
STEP7237
STEP7238
STEP7239
STEP7240
STEP7241
STEP7242
STEP7243
STEP7244
STEP7245
STEP7246
STEP7247
STEP7248
STEP7249
STEP7250
STEP7251
STEP7252
STEP7253
STEP7254
STEP7255
STEP7256
STEP7257
STEP7258
STEP7259
STEP7260
STEP7261
STEP7262
STEP7263
STEP7264
STEP7265
STEP7266
STEP7267
STEP7268
STEP7269
STEP7270
STEP7271
STEP7272
STEP7273
STEP7274
STEP7275
STEP7276
STEP7277
STEP7278
STEP7279
STEP7280
STEP7281
STEP7282
STEP7283
STEP7284
STEP7285
STEP7286
STEP7287
STEP7288
STEP7289
STEP7290
STEP7291
STEP7292
STEP7293
STEP7294
STEP7295
STEP7296
STEP7297
STEP7298
STEP7299
STEP7300
STEP7301
STEP7302
STEP7303
STEP7304
STEP7305
STEP7306
STEP7307
STEP7308
STEP7309
STEP7310
STEP7311
STEP7312
STEP7313
STEP7314
STEP7315
STEP7316
STEP7317
STEP7318
STEP7319
STEP7320
STEP7321
STEP7322
STEP7323
STEP7324
STEP7325
STEP7326
STEP7327
STEP7328
STEP7329
STEP7330
STEP7331
STEP7332
STEP7333
STEP7334
STEP7335
STEP7336
STEP7337
STEP7338
STEP7339
STEP7340
STEP7341
STEP7342
STEP7343
STEP7344
STEP7345
STEP7346
STEP7347
STEP7348
STEP7349
STEP7350
STEP7351
STEP7352
STEP7353
STEP7354
STEP7355
STEP7356
STEP7357
STEP7358
STEP7359
STEP7360
STEP7361
STEP7362
STEP7363
STEP7364
STEP7365
STEP7366
STEP7367
STEP7368
STEP7369
STEP7370
STEP7371
STEP7372
STEP7373
STEP7374
STEP7375
STEP7376
STEP7377
STEP7378
STEP7379
STEP7380
STEP7381
STEP7382
STEP7383
STEP7384
STEP7385
STEP7386
STEP7387
STEP7388
STEP7389
STEP7390
STEP7391
STEP7392
STEP7393
STEP7394
STEP7395
STEP7396
STEP7397
STEP7398
STEP7399
STEP7400
STEP7401
STEP7402
STEP7403
STEP7404
STEP7405
STEP7406
STEP7407
STEP7408
STEP7409
STEP7410
STEP7411
STEP7412
STEP7413
STEP7414
STEP7415
STEP7416
STEP7417
STEP7418
STEP7419
STEP7420
STEP7421
STEP7422
STEP7423
STEP7424
STEP7425
STEP7426
STEP7427
STEP7428
STEP7429
STEP7430
STEP7431
STEP7432
STEP7433
STEP7434
STEP7435
STEP7436
STEP7437
STEP7438
STEP7439
STEP7440
STEP7441
STEP7442
STEP7443
STEP7444
STEP7445
STEP7446
STEP7447
STEP7448
STEP7449
STEP7450
STEP7451
STEP7452
STEP7453
STEP7454
STEP7455
STEP7456
STEP7457
STEP7458
STEP7459
STEP7460
STEP7461
STEP7462
STEP7463
STEP7464
STEP7465
STEP7466
STEP7467
STEP7468
STEP7469
STEP7470
STEP7471
STEP7472
STEP7473
STEP7474
STEP7475
STEP7476
STEP7477
STEP7478
STEP7479
STEP7480
STEP7481
STEP7482
STEP7483
STEP7484
STEP7485
STEP7486
STEP7487
STEP7488
STEP7489
STEP7490
STEP7491
STEP7492
STEP7493
STEP7494
STEP7495
STEP7496
STEP7497
STEP7498
STEP7499
STEP7500
STEP7501
STEP7502
STEP7503
STEP7504
STEP7505
STEP7506
STEP7507
STEP7508
STEP7509
STEP7510
STEP7511
STEP7512
STEP7513
STEP7514
STEP7515
STEP7516
STEP7517
STEP7518
STEP7519
STEP7520
STEP7521
STEP7522
STEP7523
STEP7524
STEP7525
STEP7526
STEP7527
STEP7528
STEP7529
STEP7530
STEP7531
STEP7532
STEP7533
STEP7534
STEP7535
STEP7536
STEP7537
STEP7538
STEP7539
STEP7540
STEP7541
STEP7542
STEP7543
STEP7544
STEP7545
STEP7546
STEP7547
STEP7548
STEP7549
STEP7550
STEP7551
STEP7552
STEP7553
STEP7554
STEP7555
STEP7556
STEP7557
STEP7558
STEP7559
STEP7560
STEP7561
STEP7562
STEP7563
STEP7564
STEP7565
STEP7566
STEP7567
STEP7568
STEP7569
STEP7570
STEP7571
STEP7572
STEP7573
STEP7574
STEP7575
STEP7576
STEP7577
STEP7578
STEP7579
STEP7580
STEP7581
STEP7582
STEP7583
STEP7584
STEP7585
STEP7586
STEP7587
STEP7588
STEP7589
STEP7590
STEP7591
STEP7592
STEP7593
STEP7594
STEP7595
STEP7596
STEP7597
STEP7598
STEP7599
STEP7600
STEP7601
STEP7602
STEP7603
STEP7604
STEP7605
STEP7606
STEP7607
STEP7608
STEP7609
STEP7610
STEP7611
STEP7612
STEP7613
STEP7614
STEP7615
STEP7616
STEP7617
STEP7618
STEP7619
STEP7620
STEP7621
STEP7622
STEP7623
STEP7624
STEP7625
STEP7626
STEP7627
STEP7628
STEP7629
STEP7630
STEP7631
STEP7632
STEP7633
STEP7634
STEP7635
STEP7636
STEP7637
STEP7638
STEP7639
STEP7640
STEP7641
STEP7642
STEP7643
STEP7644
STEP7645
STEP7646
STEP7647
STEP7648
STEP7649
STEP7650
STEP7651
STEP7652
STEP7653
STEP7654
STEP7655
STEP7656
STEP7657
STEP7658
STEP7659
STEP7660
STEP7661
STEP7662
STEP7663
STEP7664
STEP7665
STEP7666
STEP7667
STEP7668
STEP7669
STEP7670
STEP7671
STEP7672
STEP7673
STEP7674
STEP7675
STEP7676
STEP7677
STEP7678
STEP7679
STEP7680
STEP7681
STEP7682
STEP7683
STEP7684
STEP7685
STEP7686
STEP7687
STEP7688
STEP7689
STEP7690
STEP7691
STEP7692
STEP7693
STEP7694
STEP7695
STEP7696
STEP7697
STEP7698
STEP7699
STEP7700
STEP7701
STEP7702
STEP7703
STEP7704
STEP7705
STEP7706
STEP7707
STEP7708
STEP7709
STEP7710
STEP7711
STEP7712
STEP7713
STEP7714
STEP7715
STEP7716
STEP7717
STEP7718
STEP7719
STEP7720
STEP7721
STEP7722
STEP7723
STEP7724
STEP7725
STEP7726
STEP7727
STEP7728
STEP7729
STEP7730
STEP7731
STEP7732
STEP7733
STEP7734
STEP7735
STEP7736
STEP7737
STEP7738
STEP7739
STEP7740
STEP7741
STEP7742
STEP7743
STEP7744
STEP7745
STEP7746
STEP7747
STEP7748
STEP7749
STEP7750
STEP7751
STEP7752
STEP7753
STEP7754
STEP7755
STEP7756
STEP7757
STEP7758
STEP7759
STEP7760
STEP7761
STEP7762
STEP7763
STEP7764
STEP7765
STEP7766
STEP7767
STEP7768
STEP7769
STEP7770
STEP7771
STEP7772
STEP7773
STEP7774
STEP7775
STEP7776
STEP7777
STEP7778
STEP7779
STEP7780
STEP7781
STEP7782
STEP7783
STEP7784
STEP7785
STEP7786
STEP7787
STEP7788
STEP7789
STEP7790
STEP7791
STEP7792
STEP7793
STEP7794
STEP7795
STEP7796
STEP7797
STEP7798
STEP7799
STEP7800
STEP7801
STEP7802
STEP7803
STEP7804
STEP7805
STEP7806
STEP7807
STEP7808
STEP7809
STEP7810
STEP7811
STEP7812
STEP7813
STEP7814
STEP7815
STEP7816
STEP7817
STEP7818
STEP7819
STEP7820
STEP7821
STEP7822
STEP7823
STEP7824
STEP7825
STEP7826
STEP7827
STEP7828
STEP7829
STEP7830
STEP7831
STEP7832
STEP7833
STEP7834
STEP7835
STEP7836
STEP7837
STEP7838
STEP7839
STEP7840
STEP7841
STEP7842
STEP7843
STEP7844
STEP7845
STEP7846
STEP7847
STEP7848
STEP7849
STEP7850
STEP7851
STEP7852
STEP7853
STEP7854
STEP7855
STEP7856
STEP7857
STEP7858
STEP7859
STEP7860
STEP7861
STEP7862
STEP7863
STEP7864
STEP7865
STEP7866
STEP7867
STEP7868
STEP7869
STEP7870
STEP7871
STEP7872
STEP7873
STEP7874
STEP7875
STEP7876
STEP7877
STEP7878
STEP7879
STEP7880
STEP7881
STEP7882
STEP7883
STEP7884
STEP7885
STEP7886
STEP7887
STEP7888
STEP7889
STEP7890
STEP7891
STEP7892
STEP7893
STEP7894
STEP7895
STEP7896
STEP7897
STEP7898
STEP7899
STEP7900
STEP7901
STEP7902
STEP7903
STEP7904
STEP7905
STEP7906
STEP7907
STEP7908
STEP7909
STEP7910
STEP7911
STEP7912
STEP7913
STEP7914
STEP7915
STEP7916
STEP7917
STEP7918
STEP7919
STEP7920
STEP7921
STEP7922
STEP7923
STEP7924
STEP7925
STEP7926
STEP7927
STEP7928
STEP7929
STEP7930
STEP7931
STEP7932
STEP7933
STEP7934
STEP7935
STEP7936
STEP7937
STEP7938
STEP7939
STEP7940
STEP7941
STEP7942
STEP7943
STEP7944
STEP7945
STEP7946
STEP7947
STEP7948
STEP7949
STEP7950
STEP7951
STEP7952
STEP7953
STEP7954
STEP7955
STEP7956
STEP7957
STEP7958
STEP7959
STEP7960
STEP7961
STEP7962
STEP7963
STEP7964
STEP7965
STEP7966
STEP7967
STEP7968
STEP7969
STEP7970
STEP7971
STEP7972
STEP7973
STEP7974
STEP7975
STEP7976
STEP7977
STEP7978
STEP7979
STEP7980
STEP7981
STEP7982
STEP7983
STEP7984
STEP7985
STEP7986
STEP7987
STEP7988
STEP7989
STEP7990
STEP7991
STEP7992
STEP7993
STEP7994
STEP7995
STEP7996
STEP7997
STEP7998
STEP7999
STEP8000
STEP8001
STEP8002
STEP8003
STEP8004
STEP8005
STEP8006
STEP8007
STEP8008
STEP8009
STEP8010
STEP8011
STEP8012
STEP8013
STEP8014
STEP8015
STEP8016
STEP8017
STEP8018
STEP8019
STEP8020
STEP8021
STEP8022
STEP8023
STEP8024
STEP8025
STEP8026
STEP8027
STEP8028
STEP8029
STEP8030
STEP8031
STEP8032
STEP8033
STEP8034
STEP8035
STEP8036
STEP8037
STEP8038
STEP8039
STEP8040
STEP8041
STEP8042
STEP8043
STEP8044
STEP8045
STEP8046
STEP8047
STEP8048
STEP8049
STEP8050
STEP8051
STEP8052
STEP8053
STEP8054
STEP8055
STEP8056
STEP8057
STEP8058
STEP8059
STEP8060
STEP8061
STEP8062
STEP8063
STEP8064
STEP8065
STEP8066
STEP8067
STEP8068
STEP8069
STEP8070
STEP8071
STEP8072
STEP8073
STEP8074
STEP8075
STEP8076
STEP8077
STEP8078
STEP8079
STEP8080
STEP8081
STEP8082
STEP8083
STEP8084
STEP8085
STEP8086
STEP8087
STEP8088
STEP8089
STEP8090
STEP8091
STEP8092
STEP8093
STEP8094
STEP8095
STEP8096
STEP8097
STEP8098
STEP8099
STEP8100
STEP8101
STEP8102
STEP8103
STEP8104
STEP8105
STEP8106
STEP8107
STEP8108
STEP8109
STEP8110
STEP8111
STEP8112
STEP8113
STEP8114
STEP8115
STEP8116
STEP8117
STEP8118
STEP8119
STEP8120
STEP8121
STEP8122
STEP8123
STEP8124
STEP8125
STEP8126
STEP8127
STEP8128
STEP8129
STEP8130
STEP8131
STEP8132
STEP8133
STEP8134
STEP8135
STEP8136
STEP8137
STEP8138
STEP8139
STEP8140
STEP8141
STEP8142
STEP8143
STEP8144
STEP8145
STEP8146
STEP8147
STEP8148
STEP8149
STEP8150
STEP8151
STEP8152
STEP8153
STEP8154
STEP8155
STEP8156
STEP8157
STEP8158
STEP8159
STEP8160
STEP8161
STEP8162
STEP8163
STEP8164
STEP8165
STEP8166
STEP8167
STEP8168
STEP8169
STEP8170
STEP8171
STEP8172
STEP8173
STEP8174
STEP8175
STEP8176
STEP8177
STEP8178
STEP8179
STEP8180
STEP8181
STEP8182
STEP8183
STEP8184
STEP8185
STEP8186
STEP8187
STEP8188
STEP8189
STEP8190
STEP8191
STEP8192
STEP8193
STEP8194
STEP8195
STEP8196
STEP8197
STEP8198
STEP8199
STEP8200
STEP8201
STEP8202
STEP8203
STEP8204
STEP8205
STEP8206
STEP8207
STEP8208
STEP8209
STEP8210
STEP8211
STEP8212
STEP8213
STEP8214
STEP8215
STEP8216
STEP8217
STEP8218
STEP8219
STEP8220
STEP8221
STEP8222
STEP8223
STEP8224
STEP8225
STEP8226
STEP8227
STEP8228
STEP8229
STEP8230
STEP8231
STEP8232
STEP8233
STEP8234
STEP8235
STEP8236
STEP8237
STEP8238
STEP8239
STEP8240
STEP8241
STEP8242
STEP8243
STEP8244
STEP8245
STEP8246
STEP8247
STEP8248
STEP8249
STEP8250
STEP8251
STEP8252
STEP8253
STEP8254
STEP8255
STEP8256
STEP8257
STEP8258
STEP8259
STEP8260
STEP8261
STEP8262
STEP8263
STEP8264
STEP8265
STEP8266
STEP8267
STEP8268
STEP8269
STEP8270
STEP8271
STEP8272
STEP8273
STEP8274
STEP8275
STEP8276
STEP8277
STEP8278
STEP8279
STEP8280
STEP8281
STEP8282
STEP8283
STEP8284
STEP8285
STEP8286
STEP8287
STEP8288
STEP8289
STEP8290
STEP8291
STEP8292
STEP8293
STEP8294
STEP8295
STEP8296
STEP8297
STEP8298
STEP8299
STEP8300
STEP8301
STEP8302
STEP8303
STEP8304
STEP8305
STEP8306
STEP8307
STEP8308
STEP8309
STEP8310
STEP8311
STEP8312
STEP8313
STEP8314
STEP8315
STEP8316
STEP8317
STEP8318
STEP8319
STEP8320
STEP8321
STEP8322
STEP8323
STEP8324
STEP8325
STEP8326
STEP8327
STEP8328
STEP8329
STEP8330
STEP8331
STEP8332
STEP8333
STEP8334
STEP8335
STEP8336
STEP8337
STEP8338
STEP8339
STEP8340
STEP8341
STEP8342
STEP8343
STEP8344
STEP8345
STEP8346
STEP8347
STEP8348
STEP8349
STEP8350
STEP8351
STEP8352
STEP8353
STEP8354
STEP8355
STEP8356
STEP8357
STEP8358
STEP8359
STEP8360
STEP8361
STEP8362
STEP8363
STEP8364
STEP8365
STEP8366
STEP8367
STEP8368
STEP8369
STEP8370
STEP8371
STEP8372
STEP8373
STEP8374
STEP8375
STEP8376
STEP8377
STEP8378
STEP8379
STEP8380
STEP8381
STEP8382
STEP8383
STEP8384
STEP8385
STEP8386
STEP8387
STEP8388
STEP8389
STEP8390
STEP8391
STEP8392
STEP8393
STEP8394
STEP8395
STEP8396
STEP8397
STEP8398
STEP8399
STEP8400
STEP8401
STEP8402
STEP8403
STEP8404
STEP8405
STEP8406
STEP8407
STEP8408
STEP8409
STEP8410
STEP8411
STEP8412
STEP8413
STEP8414
STEP8415
STEP8416
STEP8417
STEP8418
STEP8419
STEP8420
STEP8421
STEP8422
STEP8423
STEP8424
STEP8425
STEP8426
STEP8427
STEP8428
STEP8429
STEP8430
STEP8431
STEP8432
STEP8433
STEP8434
STEP8435
STEP8436
STEP8437
STEP8438
STEP8439
STEP8440
STEP8441
STEP8442
STEP8443
STEP8444
STEP8445
STEP8446
STEP8447
STEP8448
STEP8449
STEP8450
STEP8451
STEP8452
STEP8453
STEP8454
STEP8455
STEP8456
STEP8457
STEP8458
STEP8459
STEP8460
STEP8461
STEP8462
STEP8463
STEP8464
STEP8465
STEP8466
STEP8467
STEP8468
STEP8469
STEP8470
STEP8471
STEP8472
STEP8473
STEP8474
STEP8475
STEP8476
STEP8477
STEP8478
STEP8479
STEP8480
STEP8481
STEP8482
STEP8483
STEP8484
STEP8485
STEP8486
STEP8487
STEP8488
STEP8489
STEP8490
STEP8491
STEP8492
STEP8493
STEP8494
STEP8495
STEP8496
STEP8497
STEP8498
STEP8499
STEP8500
STEP8501
STEP8502
STEP8503
STEP8504
STEP8505
STEP8506
STEP8507
STEP8508
STEP8509
STEP8510
STEP8511
STEP8512
STEP8513
STEP8514
STEP8515
STEP8516
STEP8517
STEP8518
STEP8519
STEP8520
STEP8521
[...]
STEP12187
STEP12188
STEP12189
STEP12190
STEP12191
STEP12192
STEP12193
STEP12194
STEP12195
STEP12196
STEP12197
STEP12198
STEP12199
STEP12200
STEP12201
STEP12202
STEP12203
STEP12204
STEP12205
STEP12206
STEP12207
STEP12208
STEP12209
STEP12210
STEP12211
STEP12212
STEP12213
STEP12214
STEP12215
STEP12216
STEP12217
STEP12218
STEP12219
STEP12220
STEP12221
STEP12222
STEP12223
STEP12224
STEP12225
STEP12226
STEP12227
STEP12228
STEP12229
STEP12230
STEP12231
STEP12232
STEP12233
STEP12234
STEP12235
STEP12236
STEP12237
STEP12238
STEP12239
STEP12240
STEP12241
STEP12242
STEP12243
STEP12244
STEP12245
STEP12246
STEP12247
STEP12248
STEP12249
STEP12250
STEP12251
STEP12252
STEP12253
STEP12254
STEP12255
STEP12256
STEP12257
STEP12258
STEP12259
STEP12260
STEP12261
STEP12262
STEP12263
STEP12264
STEP12265
STEP12266
STEP12267
STEP12268
STEP12269
STEP12270
STEP12271
STEP12272
STEP12273
STEP12274
STEP12275
STEP12276
STEP12277
STEP12278
STEP12279
STEP12280
STEP12281
STEP12282
STEP12283
STEP12284
STEP12285
STEP12286
STEP12287
STEP12288
STEP12289
STEP12290
STEP12291
STEP12292
STEP12293
STEP12294
STEP12295
STEP12296
STEP12297
STEP12298
STEP12299
STEP12300
STEP12301
STEP12302
STEP12303
STEP12304
STEP12305
STEP12306
STEP12307
STEP12308
STEP12309
STEP12310
STEP12311
STEP12312
STEP12313
STEP12314
STEP12315
STEP12316
STEP12317
STEP12318
STEP12319
STEP12320
STEP12321
STEP12322
STEP12323
STEP12324
STEP12325
STEP12326
STEP12327
STEP12328
STEP12329
STEP12330
STEP12331
STEP12332
STEP12333
STEP12334
STEP12335
STEP12336
STEP12337
STEP12338
STEP12339
STEP12340
STEP12341
STEP12342
STEP12343
STEP12344
STEP12345
STEP12346
STEP12347
STEP12348
STEP12349
STEP12350
STEP12351
STEP12352
STEP12353
STEP12354
STEP12355
STEP12356
STEP12357
STEP12358
STEP12359
STEP12360
STEP12361
STEP12362
STEP12363
STEP12364
STEP12365
STEP12366
STEP12367
STEP12368
STEP12369
STEP12370
STEP12371
STEP12372
STEP12373
STEP12374
STEP12375
STEP12376
STEP12377
STEP12378
STEP12379
STEP12380
STEP12381
STEP12382
STEP12383
STEP12384
STEP12385
STEP12386
STEP12387
STEP12388
STEP12389
STEP12390
STEP12391
STEP12392
STEP12393
STEP12394
STEP12395
STEP12396
STEP12397
STEP12398
STEP12399
STEP12400
STEP12401
STEP12402
STEP12403
STEP12404
STEP12405
STEP12406
STEP12407
STEP12408
STEP12409
STEP12410
STEP12411
STEP12412
STEP12413
STEP12414
STEP12415
STEP12416
STEP12417
STEP12418
STEP12419
STEP12420
STEP12421
STEP12422
STEP12423
STEP12424
STEP12425
STEP12426
STEP12427
STEP12428
STEP12429
STEP12430
STEP12431
STEP12432
STEP12433
STEP12434
STEP12435
STEP12436
STEP12437
STEP12438
STEP12439
STEP12440
STEP12441
STEP12442
STEP12443
STEP12444
STEP12445
STEP12446
STEP12447
STEP12448
STEP12449
STEP12450
STEP12451
STEP12452
STEP12453
STEP12454
STEP12455
STEP12456
STEP12457
STEP12458
STEP12459
STEP12460
STEP12461
STEP12462
STEP12463
STEP12464
STEP12465
STEP12466
STEP12467
STEP12468
STEP12469
STEP12470
STEP12471
STEP12472
STEP12473
STEP12474
STEP12475
STEP12476
STEP12477
STEP12478
STEP12479
STEP12480
STEP12481
STEP12482
STEP12483
STEP12484
STEP12485
STEP12486
STEP12487
STEP12488
STEP12489
STEP12490
STEP12491
STEP12492
STEP12493
STEP12494
STEP12495
STEP12496
STEP12497
STEP12498
STEP12499
STEP12500
STEP12501
STEP12502
STEP12503
STEP12504
STEP12505
STEP12506
STEP12507
STEP12508
STEP12509
STEP12510
STEP12511
STEP12512
STEP12513
STEP12514
STEP12515
STEP12516
STEP12517
STEP12518
STEP12519
STEP12520
STEP12521
STEP12522
STEP12523
STEP12524
STEP12525
STEP12526
STEP12527
STEP12528
STEP12529
STEP12530
STEP12531
STEP12532
STEP12533
STEP12534
STEP12535
STEP12536
STEP12537
STEP12538
STEP12539
STEP12540
STEP12541
STEP12542
STEP12543
STEP12544
STEP12545
STEP12546
STEP12547
STEP12548
STEP12549
STEP12550
STEP12551
STEP12552
STEP12553
STEP12554
STEP12555
STEP12556
STEP12557
STEP12558
STEP12559
STEP12560
STEP12561
STEP12562
STEP12563
STEP12564
STEP12565
STEP12566
STEP12567
STEP12568
STEP12569
STEP12570
STEP12571
STEP12572
STEP12573
STEP12574
STEP12575
STEP12576
STEP12577
STEP12578
STEP12579
STEP12580
STEP12581
STEP12582
STEP12583
STEP12584
STEP12585
STEP12586
STEP12587
STEP12588
STEP12589
STEP12590
STEP12591
STEP12592
STEP12593
STEP12594
STEP12595
STEP12596
STEP12597
STEP12598
STEP12599
STEP12600
STEP12601
STEP12602
STEP12603
STEP12604
STEP12605
STEP12606
STEP12607
STEP12608
STEP12609
STEP12610
STEP12611
STEP12612
STEP12613
STEP12614
STEP12615
STEP12616
STEP12617
STEP12618
STEP12619
STEP12620
STEP12621
STEP12622
STEP12623
STEP12624
STEP12625
STEP12626
STEP12627
STEP12628
STEP12629
STEP12630
STEP12631
STEP12632
STEP12633
STEP12634
STEP12635
STEP12636
STEP12637
STEP12638
STEP12639
STEP12640
STEP12641
STEP12642
STEP12643
STEP12644
STEP12645
STEP12646
STEP12647
STEP12648
STEP12649
STEP12650
STEP12651
STEP12652
STEP12653
STEP12654
STEP12655
STEP12656
STEP12657
STEP12658
STEP12659
STEP12660
STEP12661
STEP12662
STEP12663
STEP12664
STEP12665
STEP12666
STEP12667
STEP12668
STEP12669
STEP12670
STEP12671
STEP12672
STEP12673
STEP12674
STEP12675
STEP12676
STEP12677
STEP12678
STEP12679
STEP12680
STEP12681
STEP12682
STEP12683
STEP12684
STEP12685
STEP12686
STEP12687
STEP12688
STEP12689
STEP12690
STEP12691
STEP12692
STEP12693
STEP12694
STEP12695
STEP12696
STEP12697
STEP12698
STEP12699
STEP12700
STEP12701
STEP12702
STEP12703
STEP12704
STEP12705
STEP12706
STEP12707
STEP12708
STEP12709
STEP12710
STEP12711
STEP12712
STEP12713
STEP12714
STEP12715
STEP12716
STEP12717
STEP12718
STEP12719
STEP12720
STEP12721
STEP12722
STEP12723
STEP12724
STEP12725
STEP12726
STEP12727
STEP12728
STEP12729
STEP12730
STEP12731
STEP12732
STEP12733
STEP12734
STEP12735
STEP12736
STEP12737
STEP12738
STEP12739
STEP12740
STEP12741
STEP12742
STEP12743
STEP12744
STEP12745
STEP12746
STEP12747
STEP12748
STEP12749
STEP12750
STEP12751
STEP12752
STEP12753
STEP12754
STEP12755
STEP12756
STEP12757
STEP12758
STEP12759
STEP12760
STEP12761
STEP12762
STEP12763
STEP12764
STEP12765
STEP12766
STEP12767
STEP12768
STEP12769
STEP12770
STEP12771
STEP12772
STEP12773
STEP12774
STEP12775
STEP12776
STEP12777
STEP12778
STEP12779
STEP12780
STEP12781
STEP12782
STEP12783
STEP12784
STEP12785
STEP12786
STEP12787
STEP12788
STEP12789
STEP12790
STEP12791
STEP12792
STEP12793
STEP12794
STEP12795
STEP12796
STEP12797
STEP12798
STEP12799
STEP12800
STEP12801
STEP12802
STEP12803
STEP12804
STEP12805
STEP12806
STEP12807
STEP12808
STEP12809
STEP12810
STEP12811
STEP12812
STEP12813
STEP12814
STEP12815
STEP12816
STEP12817
STEP12818
STEP12819
STEP12820
STEP12821
STEP12822
STEP12823
STEP12824
STEP12825
STEP12826
STEP12827
STEP12828
STEP12829
STEP12830
STEP12831
STEP12832
STEP12833
STEP12834
STEP12835
STEP12836
STEP12837
STEP12838
STEP12839
STEP12840
STEP12841
STEP12842
STEP12843
STEP12844
STEP12845
STEP12846
STEP12847
STEP12848
STEP12849
STEP12850
STEP12851
STEP12852
STEP12853
STEP12854
STEP12855
STEP12856
STEP12857
STEP12858
STEP12859
STEP12860
STEP12861
STEP12862
STEP12863
STEP12864
STEP12865
STEP12866
STEP12867
STEP12868
STEP12869
STEP12870
STEP12871
STEP12872
STEP12873
STEP12874
STEP12875
STEP12876
STEP12877
STEP12878
STEP12879
STEP12880
STEP12881
STEP12882
STEP12883
STEP12884
STEP12885
STEP12886
STEP12887
STEP12888
STEP12889
STEP12890
STEP12891
STEP12892
STEP12893
STEP12894
STEP12895
STEP12896
STEP12897
STEP12898
STEP12899
STEP12900
STEP12901
STEP12902
STEP12903
STEP12904
STEP12905
STEP12906
STEP12907
STEP12908
STEP12909
STEP12910
STEP12911
STEP12912
STEP12913
STEP12914
STEP12915
STEP12916
STEP12917
STEP12918
STEP12919
STEP12920
STEP12921
STEP12922
STEP12923
STEP12924
STEP12925
STEP12926
STEP12927
STEP12928
STEP12929
STEP12930
STEP12931
STEP12932
STEP12933
STEP12934
STEP12935
STEP12936
STEP12937
STEP12938
STEP12939
STEP12940
STEP12941
STEP12942
STEP12943
STEP12944
STEP12945
STEP12946
STEP12947
STEP12948
STEP12949
STEP12950
STEP12951
STEP12952
STEP12953
STEP12954
STEP12955
STEP12956
STEP12957
STEP12958
STEP12959
STEP12960
STEP12961
STEP12962
STEP12963
STEP12964
STEP12965
STEP12966
STEP12967
STEP12968
STEP12969
STEP12970
STEP12971
STEP12972
STEP12973
STEP12974
STEP12975
STEP12976
STEP12977
STEP12978
STEP12979
STEP12980
STEP12981
STEP12982
STEP12983
STEP12984
STEP12985
STEP12986
STEP12987
STEP12988
STEP12989
STEP12990
STEP12991
STEP12992
STEP12993
STEP12994
STEP12995
STEP12996
STEP12997
STEP12998
STEP12999
STEP13000
STEP13001
STEP13002
STEP13003
STEP13004
STEP13005
STEP13006
STEP13007
STEP13008
STEP13009
STEP13010
STEP13011
STEP13012
STEP13013
STEP13014
STEP13015
STEP13016
STEP13017
STEP13018
STEP13019
STEP13020
STEP13021
STEP13022
STEP13023
STEP13024
STEP13025
STEP13026
STEP13027
STEP13028
STEP13029
STEP13030
STEP13031
STEP13032
STEP13033
STEP13034
STEP13035
STEP13036
STEP13037
STEP13038
STEP13039
STEP13040
STEP13041
STEP13042
STEP13043
STEP13044
STEP13045
STEP13046
STEP13047
STEP13048
STEP13049
STEP13050
STEP13051
STEP13052
STEP13053
STEP13054
STEP13055
STEP13056
STEP13057
STEP13058
STEP13059
STEP13060
STEP13061
STEP13062
STEP13063
STEP13064
STEP13065
STEP13066
STEP13067
STEP13068
STEP13069
STEP13070
STEP13071
STEP13072
STEP13073
STEP13074
STEP13075
STEP13076
STEP13077
STEP13078
STEP13079
STEP13080
STEP13081
STEP13082
STEP13083
STEP13084
STEP13085
STEP13086
STEP13087
STEP13088
STEP13089
STEP13090
STEP13091
STEP13092
STEP13093
STEP13094
STEP13095
STEP13096
STEP13097
STEP13098
STEP13099
STEP13100
STEP13101
STEP13102
STEP13103
STEP13104
STEP13105
STEP13106
STEP13107
STEP13108
STEP13109
STEP13110
STEP13111
STEP13112
STEP13113
STEP13114
STEP13115
STEP13116
STEP13117
STEP13118
STEP13119
STEP13120
STEP13121
STEP13122
STEP13123
STEP13124
STEP13125
STEP13126
STEP13127
STEP13128
STEP13129
STEP13130
STEP13131
STEP13132
STEP13133
STEP13134
STEP13135
STEP13136
STEP13137
STEP13138
STEP13139
STEP13140
STEP13141
STEP13142
STEP13143
STEP13144
STEP13145
STEP13146
STEP13147
STEP13148
STEP13149
STEP13150
STEP13151
STEP13152
STEP13153
STEP13154
STEP13155
STEP13156
STEP13157
STEP13158
STEP13159
STEP13160
STEP13161
STEP13162
STEP13163
STEP13164
STEP13165
STEP13166
STEP13167
STEP13168
STEP13169
STEP13170
STEP13171
STEP13172
STEP13173
STEP13174
STEP13175
STEP13176
STEP13177
STEP13178
STEP13179
STEP13180
STEP13181
STEP13182
STEP13183
STEP13184
STEP13185
STEP13186
STEP13187
STEP13188
STEP13189
STEP13190
STEP13191
STEP13192
STEP13193
STEP13194
STEP13195
STEP13196
STEP13197
STEP13198
STEP13199
STEP13200
STEP13201
STEP13202
STEP13203
STEP13204
STEP13205
STEP13206
STEP13207
STEP13208
STEP13209
STEP13210
STEP13211
STEP13212
STEP13213
STEP13214
STEP13215
STEP13216
STEP13217
STEP13218
STEP13219
STEP13220
STEP13221
STEP13222
STEP13223
STEP13224
STEP13225
STEP13226
STEP13227
STEP13228
STEP13229
STEP13230
STEP13231
STEP13232
STEP13233
STEP13234
STEP13235
STEP13236
STEP13237
STEP13238
STEP13239
STEP13240
STEP13241
STEP13242
STEP13243
STEP13244
STEP13245
STEP13246
STEP13247
STEP13248
STEP13249
STEP13250
STEP13251
STEP13252
STEP13253
STEP13254
STEP13255
STEP13256
STEP13257
STEP13258
STEP13259
STEP13260
STEP13261
STEP13262
STEP13263
STEP13264
STEP13265
STEP13266
STEP13267
STEP13268
STEP13269
STEP13270
STEP13271
STEP13272
STEP13273
STEP13274
STEP13275
STEP13276
STEP13277
STEP13278
STEP13279
STEP13280
STEP13281
STEP13282
STEP13283
STEP13284
STEP13285
STEP13286
STEP13287
STEP13288
STEP13289
STEP13290
STEP13291
STEP13292
STEP13293
STEP13294
STEP13295
STEP13296
STEP13297
STEP13298
STEP13299
STEP13300
STEP13301
STEP13302
STEP13303
STEP13304
STEP13305
STEP13306
STEP13307
STEP13308
STEP13309
STEP13310
STEP13311
STEP13312
STEP13313
STEP13314
STEP13315
STEP13316
STEP13317
STEP13318
STEP13319
STEP13320
STEP13321
STEP13322
STEP13323
STEP13324
STEP13325
STEP13326
STEP13327
STEP13328
STEP13329
STEP13330
STEP13331
STEP13332
STEP13333
STEP13334
STEP13335
STEP13336
STEP13337
STEP13338
STEP13339
STEP13340
STEP13341
STEP13342
STEP13343
STEP13344
STEP13345
STEP13346
STEP13347
STEP13348
STEP13349
STEP13350
STEP13351
STEP13352
STEP13353
STEP13354
STEP13355
STEP13356
STEP13357
STEP13358
STEP13359
STEP13360
STEP13361
STEP13362
STEP13363
STEP13364
STEP13365
STEP13366
STEP13367
STEP13368
STEP13369
STEP13370
STEP13371
STEP13372
STEP13373
STEP13374
STEP13375
STEP13376
STEP13377
STEP13378
STEP13379
STEP13380
STEP13381
STEP13382
STEP13383
STEP13384
STEP13385
STEP13386
STEP13387
STEP13388
STEP13389
STEP13390
STEP13391
STEP13392
STEP13393
STEP13394
STEP13395
STEP13396
STEP13397
STEP13398
STEP13399
STEP13400
STEP13401
STEP13402
STEP13403
STEP13404
STEP13405
STEP13406
STEP13407
STEP13408
STEP13409
STEP13410
STEP13411
STEP13412
STEP13413
STEP13414
STEP13415
STEP13416
STEP13417
STEP13418
STEP13419
STEP13420
STEP13421
STEP13422
STEP13423
STEP13424
STEP13425
STEP13426
STEP13427
STEP13428
STEP13429
STEP13430
STEP13431
STEP13432
STEP13433
STEP13434
STEP13435
STEP13436
STEP13437
STEP13438
STEP13439
STEP13440
STEP13441
STEP13442
STEP13443
STEP13444
STEP13445
STEP13446
STEP13447
STEP13448
STEP13449
STEP13450
STEP13451
STEP13452
STEP13453
STEP13454
STEP13455
STEP13456
STEP13457
STEP13458
STEP13459
STEP13460
STEP13461
STEP13462
STEP13463
STEP13464
STEP13465
STEP13466
STEP13467
STEP13468
STEP13469
STEP13470
STEP13471
STEP13472
STEP13473
STEP13474
STEP13475
STEP13476
STEP13477
STEP13478
STEP13479
STEP13480
STEP13481
STEP13482
STEP13483
STEP13484
STEP13485
STEP13486
STEP13487
STEP13488
STEP13489
STEP13490
STEP13491
STEP13492
STEP13493
STEP13494
STEP13495
STEP13496
STEP13497
STEP13498
STEP13499
STEP13500
STEP13501
STEP13502
STEP13503
STEP13504
STEP13505
STEP13506
STEP13507
STEP13508
STEP13509
STEP13510
STEP13511
STEP13512
STEP13513
STEP13514
STEP13515
STEP13516
STEP13517
STEP13518
STEP13519
STEP13520
STEP13521
STEP13522
STEP13523
STEP13524
STEP13525
STEP13526
STEP13527
STEP13528
STEP13529
STEP13530
STEP13531
STEP13532
STEP13533
STEP13534
STEP13535
STEP13536
STEP13537
STEP13538
STEP13539
STEP13540
STEP13541
STEP13542
STEP13543
STEP13544
STEP13545
STEP13546
STEP13547
STEP13548
STEP13549
STEP13550
STEP13551
STEP13552
STEP13553
STEP13554
STEP13555
STEP13556
STEP13557
STEP13558
STEP13559
STEP13560
STEP13561
STEP13562
STEP13563
STEP13564
STEP13565
STEP13566
STEP13567
STEP13568
STEP13569
STEP13570
STEP13571
STEP13572
STEP13573
STEP13574
STEP13575
STEP13576
STEP13577
STEP13578
STEP13579
STEP13580
STEP13581
STEP13582
STEP13583
STEP13584
STEP13585
STEP13586
STEP13587
STEP13588
STEP13589
STEP13590
STEP13591
STEP13592
STEP13593
STEP13594
STEP13595
STEP13596
STEP13597
STEP13598
STEP13599
STEP13600
STEP13601
STEP13602
STEP13603
STEP13604
STEP13605
STEP13606
STEP13607
STEP13608
STEP13609
STEP13610
STEP13611
STEP13612
STEP13613
STEP13614
STEP13615
STEP13616
STEP13617
STEP13618
STEP13619
STEP13620
STEP13621
STEP13622
STEP13623
STEP13624
STEP13625
STEP13626
STEP13627
STEP13628
STEP13629
STEP13630
STEP13631
STEP13632
STEP13633
STEP13634
STEP13635
STEP13636
STEP13637
STEP13638
STEP13639
STEP13640
STEP13641
STEP13642
STEP13643
STEP13644
STEP13645
STEP13646
STEP13647
STEP13648
STEP13649
STEP13650
STEP13651
STEP13652
STEP13653
STEP13654
STEP13655
STEP13656
STEP13657
STEP13658
STEP13659
STEP13660
STEP13661
STEP13662
STEP13663
STEP13664
STEP13665
STEP13666
STEP13667
STEP13668
STEP13669
STEP13670
STEP13671
STEP13672
STEP13673
STEP13674
STEP13675
STEP13676
STEP13677
STEP13678
STEP13679
STEP13680
STEP13681
STEP13682
STEP13683
STEP13684
STEP13685
STEP13686
STEP13687
STEP13688
STEP13689
STEP13690
STEP13691
STEP13692
STEP13693
STEP13694
STEP13695
STEP13696
STEP13697
STEP13698
STEP13699
STEP13700
STEP13701
STEP13702
STEP13703
STEP13704
STEP13705
STEP13706
STEP13707
STEP13708
STEP13709
STEP13710
STEP13711
STEP13712
STEP13713
STEP13714
STEP13715
STEP13716
STEP13717
STEP13718
STEP13719
STEP13720
STEP13721
STEP13722
STEP13723
STEP13724
STEP13725
STEP13726
STEP13727
STEP13728
STEP13729
STEP13730
STEP13731
STEP13732
STEP13733
STEP13734
STEP13735
STEP13736
STEP13737
STEP13738
STEP13739
STEP13740
STEP13741
STEP13742
STEP13743
STEP13744
STEP13745
STEP13746
STEP13747
STEP13748
STEP13749
STEP13750
STEP13751
STEP13752
STEP13753
STEP13754
STEP13755
STEP13756
STEP13757
STEP13758
STEP13759
STEP13760
STEP13761
STEP13762
STEP13763
STEP13764
STEP13765
STEP13766
STEP13767
STEP13768
STEP13769
STEP13770
STEP13771
STEP13772
STEP13773
STEP13774
STEP13775
STEP13776
STEP13777
STEP13778
STEP13779
STEP13780
STEP13781
STEP13782
STEP13783
STEP13784
STEP13785
STEP13786
STEP13787
STEP13788
STEP13789
STEP13790
STEP13791
STEP13792
STEP13793
STEP13794
STEP13795
STEP13796
STEP13797
STEP13798
STEP13799
STEP13800
STEP13801
STEP13802
STEP13803
STEP13804
STEP13805
STEP13806
STEP13807
STEP13808
STEP13809
STEP13810
STEP13811
STEP13812
STEP13813
STEP13814
STEP13815
STEP13816
STEP13817
STEP13818
STEP13819
STEP13820
STEP13821
STEP13822
STEP13823
STEP13824
STEP13825
STEP13826
STEP13827
STEP13828
STEP13829
STEP13830
STEP13831
STEP13832
STEP13833
STEP13834
STEP13835
STEP13836
STEP13837
STEP13838
STEP13839
STEP13840
STEP13841
STEP13842
STEP13843
STEP13844
STEP13845
STEP13846
STEP13847
STEP13848
STEP13849
STEP13850
STEP13851
STEP13852
STEP13853
STEP13854
STEP13855
STEP13856
STEP13857
STEP13858
STEP13859
STEP13860
STEP13861
STEP13862
STEP13863
STEP13864
STEP13865
STEP13866
STEP13867
STEP13868
STEP13869
STEP13870
STEP13871
STEP13872
STEP13873
STEP13874
STEP13875
STEP13876
STEP13877
STEP13878
STEP13879
STEP13880
STEP13881
STEP13882
STEP13883
STEP13884
STEP13885
STEP13886
STEP13887
STEP13888
STEP13889
STEP13890
STEP13891
STEP13892
STEP13893
STEP13894
STEP13895
STEP13896
STEP13897
STEP13898
STEP13899
STEP13900
STEP13901
STEP13902
STEP13903
STEP13904
STEP13905
STEP13906
STEP13907
STEP13908
STEP13909
STEP13910
STEP13911
STEP13912
STEP13913
STEP13914
STEP13915
STEP13916
STEP13917
STEP13918
STEP13919
STEP13920
STEP13921
STEP13922
STEP13923
STEP13924
STEP13925
STEP13926
STEP13927
STEP13928
STEP13929
STEP13930
STEP13931
STEP13932
STEP13933
STEP13934
STEP13935
STEP13936
STEP13937
STEP13938
STEP13939
STEP13940
STEP13941
STEP13942
STEP13943
STEP13944
STEP13945
STEP13946
STEP13947
STEP13948
STEP13949
STEP13950
STEP13951
STEP13952
STEP13953
STEP13954
STEP13955
STEP13956
STEP13957
STEP13958
STEP13959
STEP13960
STEP13961
STEP13962
STEP13963
STEP13964
STEP13965
STEP13966
STEP13967
STEP13968
STEP13969
STEP13970
STEP13971
STEP13972
STEP13973
STEP13974
STEP13975
STEP13976
STEP13977
STEP13978
STEP13979
STEP13980
STEP13981
STEP13982
STEP13983
STEP13984
STEP13985
STEP13986
STEP13987
STEP13988
STEP13989
STEP13990
STEP13991
STEP13992
STEP13993
STEP13994
STEP13995
STEP13996
STEP13997
STEP13998
STEP13999
STEP14000
STEP14001
STEP14002
STEP14003
STEP14004
STEP14005
STEP14006
STEP14007
STEP14008
STEP14009
STEP14010
STEP14011
STEP14012
STEP14013
STEP14014
STEP14015
STEP14016
STEP14017
STEP14018
STEP14019
STEP14020
STEP14021
STEP14022
STEP14023
STEP14024
STEP14025
STEP14026
STEP14027
STEP14028
STEP14029
STEP14030
STEP14031
STEP14032
STEP14033
STEP14034
STEP14035
STEP14036
STEP14037
STEP14038
STEP14039
STEP14040
STEP14041
STEP14042
STEP14043
STEP14044
STEP14045
STEP14046
STEP14047
STEP14048
STEP14049
STEP14050
STEP14051
STEP14052
STEP14053
STEP14054
STEP14055
STEP14056
STEP14057
STEP14058
STEP14059
STEP14060
STEP14061
STEP14062
STEP14063
STEP14064
STEP14065
STEP14066
STEP14067
STEP14068
STEP14069
STEP14070
STEP14071
STEP14072
STEP14073
STEP14074
STEP14075
STEP14076
STEP14077
STEP14078
STEP14079
STEP14080
STEP14081
STEP14082
STEP14083
STEP14084
STEP14085
STEP14086
STEP14087
STEP14088
STEP14089
STEP14090
STEP14091
STEP14092
STEP14093
STEP14094
STEP14095
STEP14096
STEP14097
STEP14098
STEP14099
STEP14100
STEP14101
STEP14102
STEP14103
STEP14104
STEP14105
STEP14106
STEP14107
STEP14108
STEP14109
STEP14110
STEP14111
STEP14112
STEP14113
STEP14114
STEP14115
STEP14116
STEP14117
STEP14118
STEP14119
STEP14120
STEP14121
STEP14122
STEP14123
STEP14124
STEP14125
STEP14126
STEP14127
STEP14128
STEP14129
STEP14130
STEP14131
STEP14132
STEP14133
STEP14134
STEP14135
STEP14136
STEP14137
STEP14138
STEP14139
STEP14140
STEP14141
STEP14142
STEP14143
STEP14144
STEP14145
STEP14146
STEP14147
STEP14148
STEP14149
STEP14150
STEP14151
STEP14152
STEP14153
STEP14154
STEP14155
STEP14156
STEP14157
STEP14158
STEP14159
STEP14160
STEP14161
STEP14162
STEP14163
STEP14164
STEP14165
STEP14166
STEP14167
STEP14168
STEP14169
STEP14170
STEP14171
STEP14172
STEP14173
STEP14174
STEP14175
STEP14176
STEP14177
STEP14178
STEP14179]]>
  </system-out>
</testsuite> <!-- commonMethods.Testcases -->
